15576 : 2024-01-09 05:47:33,741 : INFO : telemetry.main : Attempt start. Configuration directory [~\.azure].
15576 : 2024-01-09 05:47:33,742 : DEBUG : telemetry.note : acquiring lock
15576 : 2024-01-09 05:47:33,742 : DEBUG : telemetry.note : acquired lock
15576 : 2024-01-09 05:47:33,742 : INFO : telemetry.note : Update the note mtime to 2024-01-09 05:47:33.742531
15576 : 2024-01-09 05:47:33,743 : WARNING : telemetry.note : Fail to parse or read the timestamp 'N/A' in the note file. Set the last send time to minimal. Reason: not readable
15576 : 2024-01-09 05:47:33,743 : INFO : telemetry.records : 1 cache files to move.
15576 : 2024-01-09 05:47:33,744 : INFO : telemetry.records : Create temp folder C:\WINDOWS\Temp\tmp8341pvrw
15576 : 2024-01-09 05:47:33,744 : INFO : telemetry.records : Move file ~\.azure\telemetry\cache to C:\WINDOWS\Temp\tmp8341pvrw\cache
15576 : 2024-01-09 05:47:33,746 : INFO : telemetry.records : Processed file C:\WINDOWS\Temp\tmp8341pvrw\cache into 1 records.
15576 : 2024-01-09 05:47:33,746 : INFO : telemetry.records : Remove directory C:\WINDOWS\Temp\tmp8341pvrw
15576 : 2024-01-09 05:47:33,775 : INFO : telemetry.client : Accumulated 1 events. Flush the clients.
15576 : 2024-01-09 05:47:33,775 : INFO : telemetry.client : Flush client c4395b75-49cc-422c-bc95-c7d51aef5d46.
15576 : 2024-01-09 05:47:33,965 : INFO : telemetry.sender : Sending 3634 bytes
15576 : 2024-01-09 05:47:33,965 : INFO : telemetry.sender : Finish uploading in 0.188479 seconds.
15576 : 2024-01-09 05:47:33,965 : INFO : telemetry.note : Update the last send in note to 2024-01-09 05:47:33
15576 : 2024-01-09 05:47:33,966 : INFO : telemetry.note : Update the note mtime to 2024-01-09 05:47:33.966120
25096 : 2024-01-09 05:48:14,402 : INFO : telemetry.main : Attempt start. Configuration directory [~\.azure].
25096 : 2024-01-09 05:48:14,402 : DEBUG : telemetry.note : acquiring lock
25096 : 2024-01-09 05:48:14,402 : DEBUG : telemetry.note : acquired lock
25096 : 2024-01-09 05:48:14,402 : INFO : telemetry.note : Update the note mtime to 2024-01-09 05:48:14.402279
25096 : 2024-01-09 05:48:14,404 : INFO : telemetry.note : Read timestamp from the note. The last send was 2024-01-09 05:47:33.
25096 : 2024-01-09 05:48:14,404 : INFO : telemetry.records : 1 cache files to move.
25096 : 2024-01-09 05:48:14,404 : INFO : telemetry.records : Create temp folder C:\WINDOWS\Temp\tmpbh4hpnax
25096 : 2024-01-09 05:48:14,405 : INFO : telemetry.records : Move file ~\.azure\telemetry\cache to C:\WINDOWS\Temp\tmpbh4hpnax\cache
25096 : 2024-01-09 05:48:14,405 : INFO : telemetry.records : Processed file C:\WINDOWS\Temp\tmpbh4hpnax\cache into 1 records.
25096 : 2024-01-09 05:48:14,406 : INFO : telemetry.records : Remove directory C:\WINDOWS\Temp\tmpbh4hpnax
25096 : 2024-01-09 05:48:14,448 : INFO : telemetry.client : Accumulated 1 events. Flush the clients.
25096 : 2024-01-09 05:48:14,448 : INFO : telemetry.client : Flush client c4395b75-49cc-422c-bc95-c7d51aef5d46.
25096 : 2024-01-09 05:48:14,586 : INFO : telemetry.sender : Sending 3623 bytes
25096 : 2024-01-09 05:48:14,586 : INFO : telemetry.sender : Finish uploading in 0.137730 seconds.
25096 : 2024-01-09 05:48:14,587 : INFO : telemetry.note : Update the last send in note to 2024-01-09 05:48:14
25096 : 2024-01-09 05:48:14,587 : INFO : telemetry.note : Update the note mtime to 2024-01-09 05:48:14.587013
26468 : 2024-01-09 05:49:12,421 : INFO : telemetry.main : Attempt start. Configuration directory [~\.azure].
26468 : 2024-01-09 05:49:12,421 : DEBUG : telemetry.note : acquiring lock
26468 : 2024-01-09 05:49:12,422 : DEBUG : telemetry.note : acquired lock
26468 : 2024-01-09 05:49:12,422 : INFO : telemetry.note : Update the note mtime to 2024-01-09 05:49:12.422657
26468 : 2024-01-09 05:49:12,423 : INFO : telemetry.note : Read timestamp from the note. The last send was 2024-01-09 05:48:14.
26468 : 2024-01-09 05:49:12,424 : INFO : telemetry.records : 1 cache files to move.
26468 : 2024-01-09 05:49:12,424 : INFO : telemetry.records : Create temp folder C:\WINDOWS\Temp\tmpmip8axby
26468 : 2024-01-09 05:49:12,425 : INFO : telemetry.records : Move file ~\.azure\telemetry\cache to C:\WINDOWS\Temp\tmpmip8axby\cache
26468 : 2024-01-09 05:49:12,425 : INFO : telemetry.records : Processed file C:\WINDOWS\Temp\tmpmip8axby\cache into 1 records.
26468 : 2024-01-09 05:49:12,425 : INFO : telemetry.records : Remove directory C:\WINDOWS\Temp\tmpmip8axby
26468 : 2024-01-09 05:49:12,451 : INFO : telemetry.client : Accumulated 1 events. Flush the clients.
26468 : 2024-01-09 05:49:12,451 : INFO : telemetry.client : Flush client c4395b75-49cc-422c-bc95-c7d51aef5d46.
26468 : 2024-01-09 05:49:12,594 : INFO : telemetry.sender : Sending 3626 bytes
26468 : 2024-01-09 05:49:12,595 : INFO : telemetry.sender : Finish uploading in 0.143550 seconds.
26468 : 2024-01-09 05:49:12,596 : INFO : telemetry.note : Update the last send in note to 2024-01-09 05:49:12
26468 : 2024-01-09 05:49:12,596 : INFO : telemetry.note : Update the note mtime to 2024-01-09 05:49:12.596055
17532 : 2024-01-09 05:50:15,152 : INFO : telemetry.main : Attempt start. Configuration directory [~\.azure].
17532 : 2024-01-09 05:50:15,152 : DEBUG : telemetry.note : acquiring lock
17532 : 2024-01-09 05:50:15,152 : DEBUG : telemetry.note : acquired lock
17532 : 2024-01-09 05:50:15,153 : INFO : telemetry.note : Update the note mtime to 2024-01-09 05:50:15.153845
17532 : 2024-01-09 05:50:15,154 : INFO : telemetry.note : Read timestamp from the note. The last send was 2024-01-09 05:49:12.
17532 : 2024-01-09 05:50:15,154 : INFO : telemetry.records : 1 cache files to move.
17532 : 2024-01-09 05:50:15,155 : INFO : telemetry.records : Create temp folder C:\WINDOWS\Temp\tmpy4kdqlcy
17532 : 2024-01-09 05:50:15,155 : INFO : telemetry.records : Move file ~\.azure\telemetry\cache to C:\WINDOWS\Temp\tmpy4kdqlcy\cache
17532 : 2024-01-09 05:50:15,155 : INFO : telemetry.records : Processed file C:\WINDOWS\Temp\tmpy4kdqlcy\cache into 1 records.
17532 : 2024-01-09 05:50:15,156 : INFO : telemetry.records : Remove directory C:\WINDOWS\Temp\tmpy4kdqlcy
17532 : 2024-01-09 05:50:15,188 : INFO : telemetry.client : Accumulated 1 events. Flush the clients.
17532 : 2024-01-09 05:50:15,189 : INFO : telemetry.client : Flush client c4395b75-49cc-422c-bc95-c7d51aef5d46.
17532 : 2024-01-09 05:50:15,344 : INFO : telemetry.sender : Sending 3942 bytes
17532 : 2024-01-09 05:50:15,344 : INFO : telemetry.sender : Finish uploading in 0.154837 seconds.
17532 : 2024-01-09 05:50:15,344 : INFO : telemetry.note : Update the last send in note to 2024-01-09 05:50:14
17532 : 2024-01-09 05:50:15,345 : INFO : telemetry.note : Update the note mtime to 2024-01-09 05:50:15.344682
19988 : 2024-01-09 05:54:30,767 : INFO : telemetry.main : Attempt start. Configuration directory [~\.azure].
19988 : 2024-01-09 05:54:30,767 : DEBUG : telemetry.note : acquiring lock
19988 : 2024-01-09 05:54:30,767 : DEBUG : telemetry.note : acquired lock
19988 : 2024-01-09 05:54:30,768 : INFO : telemetry.note : Update the note mtime to 2024-01-09 05:54:30.768552
19988 : 2024-01-09 05:54:30,769 : INFO : telemetry.note : Read timestamp from the note. The last send was 2024-01-09 05:50:14.
19988 : 2024-01-09 05:54:30,769 : INFO : telemetry.records : 1 cache files to move.
19988 : 2024-01-09 05:54:30,770 : INFO : telemetry.records : Create temp folder C:\WINDOWS\Temp\tmpshy6j1g8
19988 : 2024-01-09 05:54:30,770 : INFO : telemetry.records : Move file ~\.azure\telemetry\cache to C:\WINDOWS\Temp\tmpshy6j1g8\cache
19988 : 2024-01-09 05:54:30,770 : INFO : telemetry.records : Processed file C:\WINDOWS\Temp\tmpshy6j1g8\cache into 1 records.
19988 : 2024-01-09 05:54:30,771 : INFO : telemetry.records : Remove directory C:\WINDOWS\Temp\tmpshy6j1g8
19988 : 2024-01-09 05:54:30,801 : INFO : telemetry.client : Accumulated 1 events. Flush the clients.
19988 : 2024-01-09 05:54:30,801 : INFO : telemetry.client : Flush client c4395b75-49cc-422c-bc95-c7d51aef5d46.
19988 : 2024-01-09 05:54:31,002 : INFO : telemetry.sender : Sending 3633 bytes
19988 : 2024-01-09 05:54:31,003 : INFO : telemetry.sender : Finish uploading in 0.200900 seconds.
19988 : 2024-01-09 05:54:31,005 : INFO : telemetry.note : Update the last send in note to 2024-01-09 05:54:30
19988 : 2024-01-09 05:54:31,006 : INFO : telemetry.note : Update the note mtime to 2024-01-09 05:54:31.005481
27800 : 2024-01-09 05:54:59,545 : INFO : telemetry.main : Attempt start. Configuration directory [~\.azure].
27800 : 2024-01-09 05:54:59,546 : DEBUG : telemetry.note : acquiring lock
27800 : 2024-01-09 05:54:59,546 : DEBUG : telemetry.note : acquired lock
27800 : 2024-01-09 05:54:59,546 : INFO : telemetry.note : Update the note mtime to 2024-01-09 05:54:59.546919
27800 : 2024-01-09 05:54:59,547 : INFO : telemetry.note : Read timestamp from the note. The last send was 2024-01-09 05:54:30.
27800 : 2024-01-09 05:54:59,548 : INFO : telemetry.records : 1 cache files to move.
27800 : 2024-01-09 05:54:59,548 : INFO : telemetry.records : Create temp folder C:\WINDOWS\Temp\tmpnk3b5oy6
27800 : 2024-01-09 05:54:59,549 : INFO : telemetry.records : Move file ~\.azure\telemetry\cache to C:\WINDOWS\Temp\tmpnk3b5oy6\cache
27800 : 2024-01-09 05:54:59,549 : INFO : telemetry.records : Processed file C:\WINDOWS\Temp\tmpnk3b5oy6\cache into 1 records.
27800 : 2024-01-09 05:54:59,549 : INFO : telemetry.records : Remove directory C:\WINDOWS\Temp\tmpnk3b5oy6
27800 : 2024-01-09 05:54:59,589 : INFO : telemetry.client : Accumulated 1 events. Flush the clients.
27800 : 2024-01-09 05:54:59,589 : INFO : telemetry.client : Flush client c4395b75-49cc-422c-bc95-c7d51aef5d46.
27800 : 2024-01-09 05:54:59,765 : INFO : telemetry.sender : Sending 3633 bytes
27800 : 2024-01-09 05:54:59,765 : INFO : telemetry.sender : Finish uploading in 0.175580 seconds.
27800 : 2024-01-09 05:54:59,766 : INFO : telemetry.note : Update the last send in note to 2024-01-09 05:54:59
27800 : 2024-01-09 05:54:59,766 : INFO : telemetry.note : Update the note mtime to 2024-01-09 05:54:59.766400
22228 : 2024-01-09 05:55:17,144 : INFO : telemetry.main : Attempt start. Configuration directory [~\.azure].
22228 : 2024-01-09 05:55:17,144 : DEBUG : telemetry.note : acquiring lock
22228 : 2024-01-09 05:55:17,145 : DEBUG : telemetry.note : acquired lock
22228 : 2024-01-09 05:55:17,145 : INFO : telemetry.note : Update the note mtime to 2024-01-09 05:55:17.145692
22228 : 2024-01-09 05:55:17,146 : INFO : telemetry.note : Read timestamp from the note. The last send was 2024-01-09 05:54:59.
22228 : 2024-01-09 05:55:17,147 : INFO : telemetry.records : 1 cache files to move.
22228 : 2024-01-09 05:55:17,147 : INFO : telemetry.records : Create temp folder C:\WINDOWS\Temp\tmptt0sslks
22228 : 2024-01-09 05:55:17,147 : INFO : telemetry.records : Move file ~\.azure\telemetry\cache to C:\WINDOWS\Temp\tmptt0sslks\cache
22228 : 2024-01-09 05:55:17,148 : INFO : telemetry.records : Processed file C:\WINDOWS\Temp\tmptt0sslks\cache into 1 records.
22228 : 2024-01-09 05:55:17,148 : INFO : telemetry.records : Remove directory C:\WINDOWS\Temp\tmptt0sslks
22228 : 2024-01-09 05:55:17,185 : INFO : telemetry.client : Accumulated 1 events. Flush the clients.
22228 : 2024-01-09 05:55:17,185 : INFO : telemetry.client : Flush client c4395b75-49cc-422c-bc95-c7d51aef5d46.
22228 : 2024-01-09 05:55:17,522 : INFO : telemetry.sender : Sending 3625 bytes
22228 : 2024-01-09 05:55:17,524 : INFO : telemetry.sender : Finish uploading in 0.337150 seconds.
22228 : 2024-01-09 05:55:17,525 : INFO : telemetry.note : Update the last send in note to 2024-01-09 05:55:16
22228 : 2024-01-09 05:55:17,525 : INFO : telemetry.note : Update the note mtime to 2024-01-09 05:55:17.525948
21656 : 2024-01-09 05:57:44,106 : INFO : telemetry.main : Attempt start. Configuration directory [~\.azure].
21656 : 2024-01-09 05:57:44,106 : DEBUG : telemetry.note : acquiring lock
21656 : 2024-01-09 05:57:44,107 : DEBUG : telemetry.note : acquired lock
21656 : 2024-01-09 05:57:44,107 : INFO : telemetry.note : Update the note mtime to 2024-01-09 05:57:44.107793
21656 : 2024-01-09 05:57:44,108 : INFO : telemetry.note : Read timestamp from the note. The last send was 2024-01-09 05:55:16.
21656 : 2024-01-09 05:57:44,109 : INFO : telemetry.records : 1 cache files to move.
21656 : 2024-01-09 05:57:44,109 : INFO : telemetry.records : Create temp folder C:\WINDOWS\Temp\tmp20qy8zp9
21656 : 2024-01-09 05:57:44,110 : INFO : telemetry.records : Move file ~\.azure\telemetry\cache to C:\WINDOWS\Temp\tmp20qy8zp9\cache
21656 : 2024-01-09 05:57:44,110 : INFO : telemetry.records : Processed file C:\WINDOWS\Temp\tmp20qy8zp9\cache into 1 records.
21656 : 2024-01-09 05:57:44,110 : INFO : telemetry.records : Remove directory C:\WINDOWS\Temp\tmp20qy8zp9
21656 : 2024-01-09 05:57:44,142 : INFO : telemetry.client : Accumulated 1 events. Flush the clients.
21656 : 2024-01-09 05:57:44,142 : INFO : telemetry.client : Flush client c4395b75-49cc-422c-bc95-c7d51aef5d46.
21656 : 2024-01-09 05:57:44,275 : INFO : telemetry.sender : Sending 3755 bytes
21656 : 2024-01-09 05:57:44,276 : INFO : telemetry.sender : Finish uploading in 0.134077 seconds.
21656 : 2024-01-09 05:57:44,277 : INFO : telemetry.note : Update the last send in note to 2024-01-09 05:57:43
21656 : 2024-01-09 05:57:44,278 : INFO : telemetry.note : Update the note mtime to 2024-01-09 05:57:44.278702
22948 : 2024-01-09 05:58:40,511 : INFO : telemetry.main : Attempt start. Configuration directory [~\.azure].
22948 : 2024-01-09 05:58:40,511 : DEBUG : telemetry.note : acquiring lock
22948 : 2024-01-09 05:58:40,511 : DEBUG : telemetry.note : acquired lock
22948 : 2024-01-09 05:58:40,511 : INFO : telemetry.note : Update the note mtime to 2024-01-09 05:58:40.511442
22948 : 2024-01-09 05:58:40,513 : INFO : telemetry.note : Read timestamp from the note. The last send was 2024-01-09 05:57:43.
22948 : 2024-01-09 05:58:40,513 : INFO : telemetry.records : 1 cache files to move.
22948 : 2024-01-09 05:58:40,514 : INFO : telemetry.records : Create temp folder C:\WINDOWS\Temp\tmpfktl8kwu
22948 : 2024-01-09 05:58:40,514 : INFO : telemetry.records : Move file ~\.azure\telemetry\cache to C:\WINDOWS\Temp\tmpfktl8kwu\cache
22948 : 2024-01-09 05:58:40,514 : INFO : telemetry.records : Processed file C:\WINDOWS\Temp\tmpfktl8kwu\cache into 1 records.
22948 : 2024-01-09 05:58:40,515 : INFO : telemetry.records : Remove directory C:\WINDOWS\Temp\tmpfktl8kwu
22948 : 2024-01-09 05:58:40,537 : INFO : telemetry.client : Accumulated 1 events. Flush the clients.
22948 : 2024-01-09 05:58:40,537 : INFO : telemetry.client : Flush client c4395b75-49cc-422c-bc95-c7d51aef5d46.
22948 : 2024-01-09 05:58:40,691 : INFO : telemetry.sender : Sending 3634 bytes
22948 : 2024-01-09 05:58:40,691 : INFO : telemetry.sender : Finish uploading in 0.153564 seconds.
22948 : 2024-01-09 05:58:40,692 : INFO : telemetry.note : Update the last send in note to 2024-01-09 05:58:40
22948 : 2024-01-09 05:58:40,692 : INFO : telemetry.note : Update the note mtime to 2024-01-09 05:58:40.692012
11684 : 2024-01-09 05:59:10,048 : INFO : telemetry.main : Attempt start. Configuration directory [~\.azure].
11684 : 2024-01-09 05:59:10,048 : DEBUG : telemetry.note : acquiring lock
11684 : 2024-01-09 05:59:10,048 : DEBUG : telemetry.note : acquired lock
11684 : 2024-01-09 05:59:10,048 : INFO : telemetry.note : Update the note mtime to 2024-01-09 05:59:10.048276
11684 : 2024-01-09 05:59:10,050 : INFO : telemetry.note : Read timestamp from the note. The last send was 2024-01-09 05:58:40.
11684 : 2024-01-09 05:59:10,051 : INFO : telemetry.records : 1 cache files to move.
11684 : 2024-01-09 05:59:10,051 : INFO : telemetry.records : Create temp folder C:\WINDOWS\Temp\tmpl2w_hjz_
11684 : 2024-01-09 05:59:10,051 : INFO : telemetry.records : Move file ~\.azure\telemetry\cache to C:\WINDOWS\Temp\tmpl2w_hjz_\cache
11684 : 2024-01-09 05:59:10,052 : INFO : telemetry.records : Processed file C:\WINDOWS\Temp\tmpl2w_hjz_\cache into 1 records.
11684 : 2024-01-09 05:59:10,052 : INFO : telemetry.records : Remove directory C:\WINDOWS\Temp\tmpl2w_hjz_
11684 : 2024-01-09 05:59:10,072 : INFO : telemetry.client : Accumulated 1 events. Flush the clients.
11684 : 2024-01-09 05:59:10,072 : INFO : telemetry.client : Flush client c4395b75-49cc-422c-bc95-c7d51aef5d46.
11684 : 2024-01-09 05:59:10,250 : INFO : telemetry.sender : Sending 3773 bytes
11684 : 2024-01-09 05:59:10,251 : INFO : telemetry.sender : Finish uploading in 0.178588 seconds.
11684 : 2024-01-09 05:59:10,253 : INFO : telemetry.note : Update the last send in note to 2024-01-09 05:59:09
11684 : 2024-01-09 05:59:10,254 : INFO : telemetry.note : Update the note mtime to 2024-01-09 05:59:10.253175
17424 : 2024-01-09 05:59:42,214 : INFO : telemetry.main : Attempt start. Configuration directory [~\.azure].
17424 : 2024-01-09 05:59:42,215 : DEBUG : telemetry.note : acquiring lock
17424 : 2024-01-09 05:59:42,215 : DEBUG : telemetry.note : acquired lock
17424 : 2024-01-09 05:59:42,215 : INFO : telemetry.note : Update the note mtime to 2024-01-09 05:59:42.215401
17424 : 2024-01-09 05:59:42,216 : INFO : telemetry.note : Read timestamp from the note. The last send was 2024-01-09 05:59:09.
17424 : 2024-01-09 05:59:42,217 : INFO : telemetry.records : 1 cache files to move.
17424 : 2024-01-09 05:59:42,217 : INFO : telemetry.records : Create temp folder C:\WINDOWS\Temp\tmp_6flgdj9
17424 : 2024-01-09 05:59:42,217 : INFO : telemetry.records : Move file ~\.azure\telemetry\cache to C:\WINDOWS\Temp\tmp_6flgdj9\cache
17424 : 2024-01-09 05:59:42,218 : INFO : telemetry.records : Processed file C:\WINDOWS\Temp\tmp_6flgdj9\cache into 1 records.
17424 : 2024-01-09 05:59:42,218 : INFO : telemetry.records : Remove directory C:\WINDOWS\Temp\tmp_6flgdj9
17424 : 2024-01-09 05:59:42,240 : INFO : telemetry.client : Accumulated 1 events. Flush the clients.
17424 : 2024-01-09 05:59:42,241 : INFO : telemetry.client : Flush client c4395b75-49cc-422c-bc95-c7d51aef5d46.
17424 : 2024-01-09 05:59:42,388 : INFO : telemetry.sender : Sending 3626 bytes
17424 : 2024-01-09 05:59:42,389 : INFO : telemetry.sender : Finish uploading in 0.148186 seconds.
17424 : 2024-01-09 05:59:42,390 : INFO : telemetry.note : Update the last send in note to 2024-01-09 05:59:42
17424 : 2024-01-09 05:59:42,392 : INFO : telemetry.note : Update the note mtime to 2024-01-09 05:59:42.392958
9968 : 2024-01-09 06:00:25,997 : INFO : telemetry.main : Attempt start. Configuration directory [~\.azure].
9968 : 2024-01-09 06:00:25,997 : DEBUG : telemetry.note : acquiring lock
9968 : 2024-01-09 06:00:25,997 : DEBUG : telemetry.note : acquired lock
9968 : 2024-01-09 06:00:25,998 : INFO : telemetry.note : Update the note mtime to 2024-01-09 06:00:25.997895
9968 : 2024-01-09 06:00:25,999 : INFO : telemetry.note : Read timestamp from the note. The last send was 2024-01-09 05:59:42.
9968 : 2024-01-09 06:00:26,000 : INFO : telemetry.records : 1 cache files to move.
9968 : 2024-01-09 06:00:26,000 : INFO : telemetry.records : Create temp folder C:\WINDOWS\Temp\tmp5ts23yxv
9968 : 2024-01-09 06:00:26,000 : INFO : telemetry.records : Move file ~\.azure\telemetry\cache to C:\WINDOWS\Temp\tmp5ts23yxv\cache
9968 : 2024-01-09 06:00:26,001 : INFO : telemetry.records : Processed file C:\WINDOWS\Temp\tmp5ts23yxv\cache into 1 records.
9968 : 2024-01-09 06:00:26,001 : INFO : telemetry.records : Remove directory C:\WINDOWS\Temp\tmp5ts23yxv
9968 : 2024-01-09 06:00:26,034 : INFO : telemetry.client : Accumulated 1 events. Flush the clients.
9968 : 2024-01-09 06:00:26,034 : INFO : telemetry.client : Flush client c4395b75-49cc-422c-bc95-c7d51aef5d46.
9968 : 2024-01-09 06:00:26,266 : INFO : telemetry.sender : Sending 3942 bytes
9968 : 2024-01-09 06:00:26,266 : INFO : telemetry.sender : Finish uploading in 0.230510 seconds.
9968 : 2024-01-09 06:00:26,268 : INFO : telemetry.note : Update the last send in note to 2024-01-09 06:00:25
9968 : 2024-01-09 06:00:26,268 : INFO : telemetry.note : Update the note mtime to 2024-01-09 06:00:26.268292
15808 : 2024-01-09 06:02:51,568 : INFO : telemetry.main : Attempt start. Configuration directory [~\.azure].
15808 : 2024-01-09 06:02:51,568 : DEBUG : telemetry.note : acquiring lock
15808 : 2024-01-09 06:02:51,568 : DEBUG : telemetry.note : acquired lock
15808 : 2024-01-09 06:02:51,568 : INFO : telemetry.note : Update the note mtime to 2024-01-09 06:02:51.568305
15808 : 2024-01-09 06:02:51,570 : INFO : telemetry.note : Read timestamp from the note. The last send was 2024-01-09 06:00:25.
15808 : 2024-01-09 06:02:51,570 : INFO : telemetry.records : 1 cache files to move.
15808 : 2024-01-09 06:02:51,570 : INFO : telemetry.records : Create temp folder C:\WINDOWS\Temp\tmp31hvuhw_
15808 : 2024-01-09 06:02:51,571 : INFO : telemetry.records : Move file ~\.azure\telemetry\cache to C:\WINDOWS\Temp\tmp31hvuhw_\cache
15808 : 2024-01-09 06:02:51,571 : INFO : telemetry.records : Processed file C:\WINDOWS\Temp\tmp31hvuhw_\cache into 1 records.
15808 : 2024-01-09 06:02:51,572 : INFO : telemetry.records : Remove directory C:\WINDOWS\Temp\tmp31hvuhw_
15808 : 2024-01-09 06:02:51,613 : INFO : telemetry.client : Accumulated 1 events. Flush the clients.
15808 : 2024-01-09 06:02:51,613 : INFO : telemetry.client : Flush client c4395b75-49cc-422c-bc95-c7d51aef5d46.
15808 : 2024-01-09 06:02:51,737 : INFO : telemetry.sender : Sending 3941 bytes
15808 : 2024-01-09 06:02:51,738 : INFO : telemetry.sender : Finish uploading in 0.125009 seconds.
15808 : 2024-01-09 06:02:51,738 : INFO : telemetry.note : Update the last send in note to 2024-01-09 06:02:51
15808 : 2024-01-09 06:02:51,739 : INFO : telemetry.note : Update the note mtime to 2024-01-09 06:02:51.739552
6004 : 2024-01-09 06:06:34,213 : INFO : telemetry.main : Attempt start. Configuration directory [~\.azure].
6004 : 2024-01-09 06:06:34,213 : DEBUG : telemetry.note : acquiring lock
6004 : 2024-01-09 06:06:34,214 : DEBUG : telemetry.note : acquired lock
6004 : 2024-01-09 06:06:34,214 : INFO : telemetry.note : Update the note mtime to 2024-01-09 06:06:34.214558
6004 : 2024-01-09 06:06:34,215 : INFO : telemetry.note : Read timestamp from the note. The last send was 2024-01-09 06:02:51.
6004 : 2024-01-09 06:06:34,216 : INFO : telemetry.records : 1 cache files to move.
6004 : 2024-01-09 06:06:34,216 : INFO : telemetry.records : Create temp folder C:\WINDOWS\Temp\tmpqq748q_0
6004 : 2024-01-09 06:06:34,216 : INFO : telemetry.records : Move file ~\.azure\telemetry\cache to C:\WINDOWS\Temp\tmpqq748q_0\cache
6004 : 2024-01-09 06:06:34,217 : INFO : telemetry.records : Processed file C:\WINDOWS\Temp\tmpqq748q_0\cache into 1 records.
6004 : 2024-01-09 06:06:34,217 : INFO : telemetry.records : Remove directory C:\WINDOWS\Temp\tmpqq748q_0
6004 : 2024-01-09 06:06:34,261 : INFO : telemetry.client : Accumulated 1 events. Flush the clients.
6004 : 2024-01-09 06:06:34,261 : INFO : telemetry.client : Flush client c4395b75-49cc-422c-bc95-c7d51aef5d46.
6004 : 2024-01-09 06:06:34,426 : INFO : telemetry.sender : Sending 3941 bytes
6004 : 2024-01-09 06:06:34,426 : INFO : telemetry.sender : Finish uploading in 0.164588 seconds.
6004 : 2024-01-09 06:06:34,427 : INFO : telemetry.note : Update the last send in note to 2024-01-09 06:06:34
6004 : 2024-01-09 06:06:34,427 : INFO : telemetry.note : Update the note mtime to 2024-01-09 06:06:34.427205
14460 : 2024-01-09 06:06:45,881 : INFO : telemetry.main : Attempt start. Configuration directory [~\.azure].
14460 : 2024-01-09 06:06:45,881 : DEBUG : telemetry.note : acquiring lock
14460 : 2024-01-09 06:06:45,882 : DEBUG : telemetry.note : acquired lock
14460 : 2024-01-09 06:06:45,882 : INFO : telemetry.note : Update the note mtime to 2024-01-09 06:06:45.882413
14460 : 2024-01-09 06:06:45,883 : INFO : telemetry.note : Read timestamp from the note. The last send was 2024-01-09 06:06:34.
14460 : 2024-01-09 06:06:45,884 : INFO : telemetry.records : 1 cache files to move.
14460 : 2024-01-09 06:06:45,884 : INFO : telemetry.records : Create temp folder C:\WINDOWS\Temp\tmp6so6zmqk
14460 : 2024-01-09 06:06:45,885 : INFO : telemetry.records : Move file ~\.azure\telemetry\cache to C:\WINDOWS\Temp\tmp6so6zmqk\cache
14460 : 2024-01-09 06:06:45,885 : INFO : telemetry.records : Processed file C:\WINDOWS\Temp\tmp6so6zmqk\cache into 1 records.
14460 : 2024-01-09 06:06:45,885 : INFO : telemetry.records : Remove directory C:\WINDOWS\Temp\tmp6so6zmqk
14460 : 2024-01-09 06:06:45,909 : INFO : telemetry.client : Accumulated 1 events. Flush the clients.
14460 : 2024-01-09 06:06:45,909 : INFO : telemetry.client : Flush client c4395b75-49cc-422c-bc95-c7d51aef5d46.
14460 : 2024-01-09 06:06:46,082 : INFO : telemetry.sender : Sending 3447 bytes
14460 : 2024-01-09 06:06:46,082 : INFO : telemetry.sender : Finish uploading in 0.173901 seconds.
14460 : 2024-01-09 06:06:46,082 : INFO : telemetry.note : Update the last send in note to 2024-01-09 06:06:45
14460 : 2024-01-09 06:06:46,083 : INFO : telemetry.note : Update the note mtime to 2024-01-09 06:06:46.083916
2176 : 2024-01-09 06:07:18,427 : INFO : telemetry.main : Attempt start. Configuration directory [~\.azure].
2176 : 2024-01-09 06:07:18,427 : DEBUG : telemetry.note : acquiring lock
2176 : 2024-01-09 06:07:18,427 : DEBUG : telemetry.note : acquired lock
2176 : 2024-01-09 06:07:18,427 : INFO : telemetry.note : Update the note mtime to 2024-01-09 06:07:18.427164
2176 : 2024-01-09 06:07:18,429 : INFO : telemetry.note : Read timestamp from the note. The last send was 2024-01-09 06:06:45.
2176 : 2024-01-09 06:07:18,429 : INFO : telemetry.records : 1 cache files to move.
2176 : 2024-01-09 06:07:18,429 : INFO : telemetry.records : Create temp folder C:\WINDOWS\Temp\tmpuhbice19
2176 : 2024-01-09 06:07:18,430 : INFO : telemetry.records : Move file ~\.azure\telemetry\cache to C:\WINDOWS\Temp\tmpuhbice19\cache
2176 : 2024-01-09 06:07:18,430 : INFO : telemetry.records : Processed file C:\WINDOWS\Temp\tmpuhbice19\cache into 1 records.
2176 : 2024-01-09 06:07:18,431 : INFO : telemetry.records : Remove directory C:\WINDOWS\Temp\tmpuhbice19
2176 : 2024-01-09 06:07:18,462 : INFO : telemetry.client : Accumulated 1 events. Flush the clients.
2176 : 2024-01-09 06:07:18,462 : INFO : telemetry.client : Flush client c4395b75-49cc-422c-bc95-c7d51aef5d46.
2176 : 2024-01-09 06:07:18,710 : INFO : telemetry.sender : Sending 3634 bytes
2176 : 2024-01-09 06:07:18,711 : INFO : telemetry.sender : Finish uploading in 0.248068 seconds.
2176 : 2024-01-09 06:07:18,712 : INFO : telemetry.note : Update the last send in note to 2024-01-09 06:07:18
2176 : 2024-01-09 06:07:18,713 : INFO : telemetry.note : Update the note mtime to 2024-01-09 06:07:18.713852
1312 : 2024-01-09 06:07:51,047 : INFO : telemetry.main : Attempt start. Configuration directory [~\.azure].
1312 : 2024-01-09 06:07:51,047 : DEBUG : telemetry.note : acquiring lock
1312 : 2024-01-09 06:07:51,047 : DEBUG : telemetry.note : acquired lock
1312 : 2024-01-09 06:07:51,048 : INFO : telemetry.note : Update the note mtime to 2024-01-09 06:07:51.048173
1312 : 2024-01-09 06:07:51,049 : INFO : telemetry.note : Read timestamp from the note. The last send was 2024-01-09 06:07:18.
1312 : 2024-01-09 06:07:51,049 : INFO : telemetry.records : 1 cache files to move.
1312 : 2024-01-09 06:07:51,050 : INFO : telemetry.records : Create temp folder C:\WINDOWS\Temp\tmp9p2zp_7v
1312 : 2024-01-09 06:07:51,050 : INFO : telemetry.records : Move file ~\.azure\telemetry\cache to C:\WINDOWS\Temp\tmp9p2zp_7v\cache
1312 : 2024-01-09 06:07:51,050 : INFO : telemetry.records : Processed file C:\WINDOWS\Temp\tmp9p2zp_7v\cache into 1 records.
1312 : 2024-01-09 06:07:51,051 : INFO : telemetry.records : Remove directory C:\WINDOWS\Temp\tmp9p2zp_7v
1312 : 2024-01-09 06:07:51,077 : INFO : telemetry.client : Accumulated 1 events. Flush the clients.
1312 : 2024-01-09 06:07:51,078 : INFO : telemetry.client : Flush client c4395b75-49cc-422c-bc95-c7d51aef5d46.
1312 : 2024-01-09 06:07:51,281 : INFO : telemetry.sender : Sending 3623 bytes
1312 : 2024-01-09 06:07:51,282 : INFO : telemetry.sender : Finish uploading in 0.204520 seconds.
1312 : 2024-01-09 06:07:51,284 : INFO : telemetry.note : Update the last send in note to 2024-01-09 06:07:50
1312 : 2024-01-09 06:07:51,284 : INFO : telemetry.note : Update the note mtime to 2024-01-09 06:07:51.284685
10744 : 2024-01-09 06:08:58,707 : INFO : telemetry.main : Attempt start. Configuration directory [~\.azure].
10744 : 2024-01-09 06:08:58,707 : DEBUG : telemetry.note : acquiring lock
10744 : 2024-01-09 06:08:58,708 : DEBUG : telemetry.note : acquired lock
10744 : 2024-01-09 06:08:58,708 : INFO : telemetry.note : Update the note mtime to 2024-01-09 06:08:58.708617
10744 : 2024-01-09 06:08:58,709 : INFO : telemetry.note : Read timestamp from the note. The last send was 2024-01-09 06:07:50.
10744 : 2024-01-09 06:08:58,710 : INFO : telemetry.records : 1 cache files to move.
10744 : 2024-01-09 06:08:58,710 : INFO : telemetry.records : Create temp folder C:\WINDOWS\Temp\tmpq0ybieh5
10744 : 2024-01-09 06:08:58,711 : INFO : telemetry.records : Move file ~\.azure\telemetry\cache to C:\WINDOWS\Temp\tmpq0ybieh5\cache
10744 : 2024-01-09 06:08:58,711 : INFO : telemetry.records : Processed file C:\WINDOWS\Temp\tmpq0ybieh5\cache into 1 records.
10744 : 2024-01-09 06:08:58,711 : INFO : telemetry.records : Remove directory C:\WINDOWS\Temp\tmpq0ybieh5
10744 : 2024-01-09 06:08:58,755 : INFO : telemetry.client : Accumulated 1 events. Flush the clients.
10744 : 2024-01-09 06:08:58,755 : INFO : telemetry.client : Flush client c4395b75-49cc-422c-bc95-c7d51aef5d46.
10744 : 2024-01-09 06:08:59,040 : INFO : telemetry.sender : Sending 3637 bytes
10744 : 2024-01-09 06:08:59,041 : INFO : telemetry.sender : Finish uploading in 0.286359 seconds.
10744 : 2024-01-09 06:08:59,042 : INFO : telemetry.note : Update the last send in note to 2024-01-09 06:08:58
10744 : 2024-01-09 06:08:59,043 : INFO : telemetry.note : Update the note mtime to 2024-01-09 06:08:59.042871
16080 : 2024-01-09 06:11:26,876 : INFO : telemetry.main : Attempt start. Configuration directory [~\.azure].
16080 : 2024-01-09 06:11:26,877 : DEBUG : telemetry.note : acquiring lock
16080 : 2024-01-09 06:11:26,877 : DEBUG : telemetry.note : acquired lock
16080 : 2024-01-09 06:11:26,877 : INFO : telemetry.note : Update the note mtime to 2024-01-09 06:11:26.877256
16080 : 2024-01-09 06:11:26,878 : INFO : telemetry.note : Read timestamp from the note. The last send was 2024-01-09 06:08:58.
16080 : 2024-01-09 06:11:26,879 : INFO : telemetry.records : 1 cache files to move.
16080 : 2024-01-09 06:11:26,879 : INFO : telemetry.records : Create temp folder C:\WINDOWS\Temp\tmpm5tkdnn0
16080 : 2024-01-09 06:11:26,880 : INFO : telemetry.records : Move file ~\.azure\telemetry\cache to C:\WINDOWS\Temp\tmpm5tkdnn0\cache
16080 : 2024-01-09 06:11:26,880 : INFO : telemetry.records : Processed file C:\WINDOWS\Temp\tmpm5tkdnn0\cache into 1 records.
16080 : 2024-01-09 06:11:26,880 : INFO : telemetry.records : Remove directory C:\WINDOWS\Temp\tmpm5tkdnn0
16080 : 2024-01-09 06:11:26,926 : INFO : telemetry.client : Accumulated 1 events. Flush the clients.
16080 : 2024-01-09 06:11:26,926 : INFO : telemetry.client : Flush client c4395b75-49cc-422c-bc95-c7d51aef5d46.
16080 : 2024-01-09 06:11:27,096 : INFO : telemetry.sender : Sending 3941 bytes
16080 : 2024-01-09 06:11:27,098 : INFO : telemetry.sender : Finish uploading in 0.171844 seconds.
16080 : 2024-01-09 06:11:27,098 : INFO : telemetry.note : Update the last send in note to 2024-01-09 06:11:26
16080 : 2024-01-09 06:11:27,099 : INFO : telemetry.note : Update the note mtime to 2024-01-09 06:11:27.098099
20464 : 2024-01-09 06:14:39,279 : INFO : telemetry.main : Attempt start. Configuration directory [~\.azure].
20464 : 2024-01-09 06:14:39,279 : DEBUG : telemetry.note : acquiring lock
20464 : 2024-01-09 06:14:39,279 : DEBUG : telemetry.note : acquired lock
20464 : 2024-01-09 06:14:39,279 : INFO : telemetry.note : Update the note mtime to 2024-01-09 06:14:39.279446
20464 : 2024-01-09 06:14:39,280 : INFO : telemetry.note : Read timestamp from the note. The last send was 2024-01-09 06:11:26.
20464 : 2024-01-09 06:14:39,281 : INFO : telemetry.records : 1 cache files to move.
20464 : 2024-01-09 06:14:39,281 : INFO : telemetry.records : Create temp folder C:\WINDOWS\Temp\tmprkppptn9
20464 : 2024-01-09 06:14:39,282 : INFO : telemetry.records : Move file ~\.azure\telemetry\cache to C:\WINDOWS\Temp\tmprkppptn9\cache
20464 : 2024-01-09 06:14:39,282 : INFO : telemetry.records : Processed file C:\WINDOWS\Temp\tmprkppptn9\cache into 1 records.
20464 : 2024-01-09 06:14:39,282 : INFO : telemetry.records : Remove directory C:\WINDOWS\Temp\tmprkppptn9
20464 : 2024-01-09 06:14:39,314 : INFO : telemetry.client : Accumulated 1 events. Flush the clients.
20464 : 2024-01-09 06:14:39,314 : INFO : telemetry.client : Flush client c4395b75-49cc-422c-bc95-c7d51aef5d46.
20464 : 2024-01-09 06:14:39,465 : INFO : telemetry.sender : Sending 3633 bytes
20464 : 2024-01-09 06:14:39,465 : INFO : telemetry.sender : Finish uploading in 0.150657 seconds.
20464 : 2024-01-09 06:14:39,466 : INFO : telemetry.note : Update the last send in note to 2024-01-09 06:14:39
20464 : 2024-01-09 06:14:39,467 : INFO : telemetry.note : Update the note mtime to 2024-01-09 06:14:39.466011
27928 : 2024-01-09 06:14:57,017 : INFO : telemetry.main : Attempt start. Configuration directory [~\.azure].
27928 : 2024-01-09 06:14:57,017 : DEBUG : telemetry.note : acquiring lock
27928 : 2024-01-09 06:14:57,017 : DEBUG : telemetry.note : acquired lock
27928 : 2024-01-09 06:14:57,018 : INFO : telemetry.note : Update the note mtime to 2024-01-09 06:14:57.018678
27928 : 2024-01-09 06:14:57,019 : INFO : telemetry.note : Read timestamp from the note. The last send was 2024-01-09 06:14:39.
27928 : 2024-01-09 06:14:57,020 : INFO : telemetry.records : 1 cache files to move.
27928 : 2024-01-09 06:14:57,020 : INFO : telemetry.records : Create temp folder C:\WINDOWS\Temp\tmpg0aqpcpw
27928 : 2024-01-09 06:14:57,021 : INFO : telemetry.records : Move file ~\.azure\telemetry\cache to C:\WINDOWS\Temp\tmpg0aqpcpw\cache
27928 : 2024-01-09 06:14:57,021 : INFO : telemetry.records : Processed file C:\WINDOWS\Temp\tmpg0aqpcpw\cache into 1 records.
27928 : 2024-01-09 06:14:57,021 : INFO : telemetry.records : Remove directory C:\WINDOWS\Temp\tmpg0aqpcpw
27928 : 2024-01-09 06:14:57,056 : INFO : telemetry.client : Accumulated 1 events. Flush the clients.
27928 : 2024-01-09 06:14:57,057 : INFO : telemetry.client : Flush client c4395b75-49cc-422c-bc95-c7d51aef5d46.
27928 : 2024-01-09 06:14:57,226 : INFO : telemetry.sender : Sending 3625 bytes
27928 : 2024-01-09 06:14:57,226 : INFO : telemetry.sender : Finish uploading in 0.168633 seconds.
27928 : 2024-01-09 06:14:57,227 : INFO : telemetry.note : Update the last send in note to 2024-01-09 06:14:56
27928 : 2024-01-09 06:14:57,227 : INFO : telemetry.note : Update the note mtime to 2024-01-09 06:14:57.227314
440 : 2024-01-09 06:15:46,716 : INFO : telemetry.main : Attempt start. Configuration directory [~\.azure].
440 : 2024-01-09 06:15:46,716 : DEBUG : telemetry.note : acquiring lock
440 : 2024-01-09 06:15:46,717 : DEBUG : telemetry.note : acquired lock
440 : 2024-01-09 06:15:46,717 : INFO : telemetry.note : Update the note mtime to 2024-01-09 06:15:46.717838
440 : 2024-01-09 06:15:46,718 : INFO : telemetry.note : Read timestamp from the note. The last send was 2024-01-09 06:14:56.
440 : 2024-01-09 06:15:46,719 : INFO : telemetry.records : 1 cache files to move.
440 : 2024-01-09 06:15:46,719 : INFO : telemetry.records : Create temp folder C:\WINDOWS\Temp\tmp0d8qxtl2
440 : 2024-01-09 06:15:46,720 : INFO : telemetry.records : Move file ~\.azure\telemetry\cache to C:\WINDOWS\Temp\tmp0d8qxtl2\cache
440 : 2024-01-09 06:15:46,720 : INFO : telemetry.records : Processed file C:\WINDOWS\Temp\tmp0d8qxtl2\cache into 1 records.
440 : 2024-01-09 06:15:46,720 : INFO : telemetry.records : Remove directory C:\WINDOWS\Temp\tmp0d8qxtl2
440 : 2024-01-09 06:15:46,745 : INFO : telemetry.client : Accumulated 1 events. Flush the clients.
440 : 2024-01-09 06:15:46,745 : INFO : telemetry.client : Flush client c4395b75-49cc-422c-bc95-c7d51aef5d46.
440 : 2024-01-09 06:15:46,919 : INFO : telemetry.sender : Sending 3832 bytes
440 : 2024-01-09 06:15:46,919 : INFO : telemetry.sender : Finish uploading in 0.172819 seconds.
440 : 2024-01-09 06:15:46,919 : INFO : telemetry.note : Update the last send in note to 2024-01-09 06:15:46
440 : 2024-01-09 06:15:46,920 : INFO : telemetry.note : Update the note mtime to 2024-01-09 06:15:46.920657
17676 : 2024-01-09 06:16:35,565 : INFO : telemetry.main : Attempt start. Configuration directory [~\.azure].
17676 : 2024-01-09 06:16:35,566 : DEBUG : telemetry.note : acquiring lock
17676 : 2024-01-09 06:16:35,566 : DEBUG : telemetry.note : acquired lock
17676 : 2024-01-09 06:16:35,566 : INFO : telemetry.note : Update the note mtime to 2024-01-09 06:16:35.566025
17676 : 2024-01-09 06:16:35,567 : INFO : telemetry.note : Read timestamp from the note. The last send was 2024-01-09 06:15:46.
17676 : 2024-01-09 06:16:35,568 : INFO : telemetry.records : 1 cache files to move.
17676 : 2024-01-09 06:16:35,568 : INFO : telemetry.records : Create temp folder C:\WINDOWS\Temp\tmp5hgx72x_
17676 : 2024-01-09 06:16:35,569 : INFO : telemetry.records : Move file ~\.azure\telemetry\cache to C:\WINDOWS\Temp\tmp5hgx72x_\cache
17676 : 2024-01-09 06:16:35,569 : INFO : telemetry.records : Processed file C:\WINDOWS\Temp\tmp5hgx72x_\cache into 1 records.
17676 : 2024-01-09 06:16:35,570 : INFO : telemetry.records : Remove directory C:\WINDOWS\Temp\tmp5hgx72x_
17676 : 2024-01-09 06:16:35,605 : INFO : telemetry.client : Accumulated 1 events. Flush the clients.
17676 : 2024-01-09 06:16:35,605 : INFO : telemetry.client : Flush client c4395b75-49cc-422c-bc95-c7d51aef5d46.
17676 : 2024-01-09 06:16:35,769 : INFO : telemetry.sender : Sending 3919 bytes
17676 : 2024-01-09 06:16:35,769 : INFO : telemetry.sender : Finish uploading in 0.163958 seconds.
17676 : 2024-01-09 06:16:35,770 : INFO : telemetry.note : Update the last send in note to 2024-01-09 06:16:35
17676 : 2024-01-09 06:16:35,771 : INFO : telemetry.note : Update the note mtime to 2024-01-09 06:16:35.770126
5960 : 2024-01-09 06:16:58,412 : INFO : telemetry.main : Attempt start. Configuration directory [~\.azure].
5960 : 2024-01-09 06:16:58,412 : DEBUG : telemetry.note : acquiring lock
5960 : 2024-01-09 06:16:58,412 : DEBUG : telemetry.note : acquired lock
5960 : 2024-01-09 06:16:58,412 : INFO : telemetry.note : Update the note mtime to 2024-01-09 06:16:58.412292
5960 : 2024-01-09 06:16:58,414 : INFO : telemetry.note : Read timestamp from the note. The last send was 2024-01-09 06:16:35.
5960 : 2024-01-09 06:16:58,414 : INFO : telemetry.records : 1 cache files to move.
5960 : 2024-01-09 06:16:58,414 : INFO : telemetry.records : Create temp folder C:\WINDOWS\Temp\tmpkiou5914
5960 : 2024-01-09 06:16:58,415 : INFO : telemetry.records : Move file ~\.azure\telemetry\cache to C:\WINDOWS\Temp\tmpkiou5914\cache
5960 : 2024-01-09 06:16:58,415 : INFO : telemetry.records : Processed file C:\WINDOWS\Temp\tmpkiou5914\cache into 1 records.
5960 : 2024-01-09 06:16:58,416 : INFO : telemetry.records : Remove directory C:\WINDOWS\Temp\tmpkiou5914
5960 : 2024-01-09 06:16:58,454 : INFO : telemetry.client : Accumulated 1 events. Flush the clients.
5960 : 2024-01-09 06:16:58,454 : INFO : telemetry.client : Flush client c4395b75-49cc-422c-bc95-c7d51aef5d46.
5960 : 2024-01-09 06:16:58,615 : INFO : telemetry.sender : Sending 3755 bytes
5960 : 2024-01-09 06:16:58,616 : INFO : telemetry.sender : Finish uploading in 0.161966 seconds.
5960 : 2024-01-09 06:16:58,616 : INFO : telemetry.note : Update the last send in note to 2024-01-09 06:16:58
5960 : 2024-01-09 06:16:58,616 : INFO : telemetry.note : Update the note mtime to 2024-01-09 06:16:58.616243
13232 : 2024-01-09 06:24:29,972 : INFO : telemetry.main : Attempt start. Configuration directory [~\.azure].
13232 : 2024-01-09 06:24:29,973 : DEBUG : telemetry.note : acquiring lock
13232 : 2024-01-09 06:24:29,973 : DEBUG : telemetry.note : acquired lock
13232 : 2024-01-09 06:24:29,973 : INFO : telemetry.note : Update the note mtime to 2024-01-09 06:24:29.973714
13232 : 2024-01-09 06:24:29,974 : INFO : telemetry.note : Read timestamp from the note. The last send was 2024-01-09 06:16:58.
13232 : 2024-01-09 06:24:29,975 : INFO : telemetry.records : 1 cache files to move.
13232 : 2024-01-09 06:24:29,975 : INFO : telemetry.records : Create temp folder C:\WINDOWS\Temp\tmpmopgayml
13232 : 2024-01-09 06:24:29,976 : INFO : telemetry.records : Move file ~\.azure\telemetry\cache to C:\WINDOWS\Temp\tmpmopgayml\cache
13232 : 2024-01-09 06:24:29,976 : INFO : telemetry.records : Processed file C:\WINDOWS\Temp\tmpmopgayml\cache into 1 records.
13232 : 2024-01-09 06:24:29,977 : INFO : telemetry.records : Remove directory C:\WINDOWS\Temp\tmpmopgayml
13232 : 2024-01-09 06:24:30,009 : INFO : telemetry.client : Accumulated 1 events. Flush the clients.
13232 : 2024-01-09 06:24:30,009 : INFO : telemetry.client : Flush client c4395b75-49cc-422c-bc95-c7d51aef5d46.
13232 : 2024-01-09 06:24:30,153 : INFO : telemetry.sender : Sending 3634 bytes
13232 : 2024-01-09 06:24:30,154 : INFO : telemetry.sender : Finish uploading in 0.143850 seconds.
13232 : 2024-01-09 06:24:30,154 : INFO : telemetry.note : Update the last send in note to 2024-01-09 06:24:29
13232 : 2024-01-09 06:24:30,154 : INFO : telemetry.note : Update the note mtime to 2024-01-09 06:24:30.154564
18580 : 2024-01-09 06:24:58,122 : INFO : telemetry.main : Attempt start. Configuration directory [~\.azure].
18580 : 2024-01-09 06:24:58,123 : DEBUG : telemetry.note : acquiring lock
18580 : 2024-01-09 06:24:58,123 : DEBUG : telemetry.note : acquired lock
18580 : 2024-01-09 06:24:58,123 : INFO : telemetry.note : Update the note mtime to 2024-01-09 06:24:58.123866
18580 : 2024-01-09 06:24:58,124 : INFO : telemetry.note : Read timestamp from the note. The last send was 2024-01-09 06:24:29.
18580 : 2024-01-09 06:24:58,125 : INFO : telemetry.records : 1 cache files to move.
18580 : 2024-01-09 06:24:58,125 : INFO : telemetry.records : Create temp folder C:\WINDOWS\Temp\tmpj474qvrf
18580 : 2024-01-09 06:24:58,126 : INFO : telemetry.records : Move file ~\.azure\telemetry\cache to C:\WINDOWS\Temp\tmpj474qvrf\cache
18580 : 2024-01-09 06:24:58,126 : INFO : telemetry.records : Processed file C:\WINDOWS\Temp\tmpj474qvrf\cache into 1 records.
18580 : 2024-01-09 06:24:58,126 : INFO : telemetry.records : Remove directory C:\WINDOWS\Temp\tmpj474qvrf
18580 : 2024-01-09 06:24:58,158 : INFO : telemetry.client : Accumulated 1 events. Flush the clients.
18580 : 2024-01-09 06:24:58,158 : INFO : telemetry.client : Flush client c4395b75-49cc-422c-bc95-c7d51aef5d46.
18580 : 2024-01-09 06:24:58,306 : INFO : telemetry.sender : Sending 3626 bytes
18580 : 2024-01-09 06:24:58,306 : INFO : telemetry.sender : Finish uploading in 0.147285 seconds.
18580 : 2024-01-09 06:24:58,307 : INFO : telemetry.note : Update the last send in note to 2024-01-09 06:24:57
18580 : 2024-01-09 06:24:58,307 : INFO : telemetry.note : Update the note mtime to 2024-01-09 06:24:58.307054
7892 : 2024-01-09 06:25:52,401 : INFO : telemetry.main : Attempt start. Configuration directory [~\.azure].
7892 : 2024-01-09 06:25:52,402 : DEBUG : telemetry.note : acquiring lock
7892 : 2024-01-09 06:25:52,402 : DEBUG : telemetry.note : acquired lock
7892 : 2024-01-09 06:25:52,402 : INFO : telemetry.note : Update the note mtime to 2024-01-09 06:25:52.402956
7892 : 2024-01-09 06:25:52,403 : INFO : telemetry.note : Read timestamp from the note. The last send was 2024-01-09 06:24:57.
7892 : 2024-01-09 06:25:52,404 : INFO : telemetry.records : 1 cache files to move.
7892 : 2024-01-09 06:25:52,404 : INFO : telemetry.records : Create temp folder C:\WINDOWS\Temp\tmp3md4thja
7892 : 2024-01-09 06:25:52,404 : INFO : telemetry.records : Move file ~\.azure\telemetry\cache to C:\WINDOWS\Temp\tmp3md4thja\cache
7892 : 2024-01-09 06:25:52,405 : INFO : telemetry.records : Processed file C:\WINDOWS\Temp\tmp3md4thja\cache into 1 records.
7892 : 2024-01-09 06:25:52,405 : INFO : telemetry.records : Remove directory C:\WINDOWS\Temp\tmp3md4thja
7892 : 2024-01-09 06:25:52,448 : INFO : telemetry.client : Accumulated 1 events. Flush the clients.
7892 : 2024-01-09 06:25:52,448 : INFO : telemetry.client : Flush client c4395b75-49cc-422c-bc95-c7d51aef5d46.
7892 : 2024-01-09 06:25:52,602 : INFO : telemetry.sender : Sending 3941 bytes
7892 : 2024-01-09 06:25:52,602 : INFO : telemetry.sender : Finish uploading in 0.153512 seconds.
7892 : 2024-01-09 06:25:52,603 : INFO : telemetry.note : Update the last send in note to 2024-01-09 06:25:52
7892 : 2024-01-09 06:25:52,603 : INFO : telemetry.note : Update the note mtime to 2024-01-09 06:25:52.603033
16776 : 2024-01-09 06:28:27,088 : INFO : telemetry.main : Attempt start. Configuration directory [~\.azure].
16776 : 2024-01-09 06:28:27,088 : DEBUG : telemetry.note : acquiring lock
16776 : 2024-01-09 06:28:27,088 : DEBUG : telemetry.note : acquired lock
16776 : 2024-01-09 06:28:27,089 : INFO : telemetry.note : Update the note mtime to 2024-01-09 06:28:27.089635
16776 : 2024-01-09 06:28:27,091 : INFO : telemetry.note : Read timestamp from the note. The last send was 2024-01-09 06:25:52.
16776 : 2024-01-09 06:28:27,091 : INFO : telemetry.records : 1 cache files to move.
16776 : 2024-01-09 06:28:27,091 : INFO : telemetry.records : Create temp folder C:\WINDOWS\Temp\tmpklb4868j
16776 : 2024-01-09 06:28:27,092 : INFO : telemetry.records : Move file ~\.azure\telemetry\cache to C:\WINDOWS\Temp\tmpklb4868j\cache
16776 : 2024-01-09 06:28:27,092 : INFO : telemetry.records : Processed file C:\WINDOWS\Temp\tmpklb4868j\cache into 1 records.
16776 : 2024-01-09 06:28:27,093 : INFO : telemetry.records : Remove directory C:\WINDOWS\Temp\tmpklb4868j
16776 : 2024-01-09 06:28:27,128 : INFO : telemetry.client : Accumulated 1 events. Flush the clients.
16776 : 2024-01-09 06:28:27,128 : INFO : telemetry.client : Flush client c4395b75-49cc-422c-bc95-c7d51aef5d46.
16776 : 2024-01-09 06:28:27,286 : INFO : telemetry.sender : Sending 3633 bytes
16776 : 2024-01-09 06:28:27,286 : INFO : telemetry.sender : Finish uploading in 0.158427 seconds.
16776 : 2024-01-09 06:28:27,287 : INFO : telemetry.note : Update the last send in note to 2024-01-09 06:28:26
16776 : 2024-01-09 06:28:27,287 : INFO : telemetry.note : Update the note mtime to 2024-01-09 06:28:27.287556
24092 : 2024-01-09 06:28:43,403 : INFO : telemetry.main : Attempt start. Configuration directory [~\.azure].
24092 : 2024-01-09 06:28:43,404 : DEBUG : telemetry.note : acquiring lock
24092 : 2024-01-09 06:28:43,404 : DEBUG : telemetry.note : acquired lock
24092 : 2024-01-09 06:28:43,404 : INFO : telemetry.note : Update the note mtime to 2024-01-09 06:28:43.404183
24092 : 2024-01-09 06:28:43,406 : INFO : telemetry.note : Read timestamp from the note. The last send was 2024-01-09 06:28:26.
24092 : 2024-01-09 06:28:43,406 : INFO : telemetry.records : 1 cache files to move.
24092 : 2024-01-09 06:28:43,406 : INFO : telemetry.records : Create temp folder C:\WINDOWS\Temp\tmp9buqo33o
24092 : 2024-01-09 06:28:43,407 : INFO : telemetry.records : Move file ~\.azure\telemetry\cache to C:\WINDOWS\Temp\tmp9buqo33o\cache
24092 : 2024-01-09 06:28:43,407 : INFO : telemetry.records : Processed file C:\WINDOWS\Temp\tmp9buqo33o\cache into 1 records.
24092 : 2024-01-09 06:28:43,408 : INFO : telemetry.records : Remove directory C:\WINDOWS\Temp\tmp9buqo33o
24092 : 2024-01-09 06:28:43,432 : INFO : telemetry.client : Accumulated 1 events. Flush the clients.
24092 : 2024-01-09 06:28:43,432 : INFO : telemetry.client : Flush client c4395b75-49cc-422c-bc95-c7d51aef5d46.
24092 : 2024-01-09 06:28:43,647 : INFO : telemetry.sender : Sending 3625 bytes
24092 : 2024-01-09 06:28:43,647 : INFO : telemetry.sender : Finish uploading in 0.214626 seconds.
24092 : 2024-01-09 06:28:43,648 : INFO : telemetry.note : Update the last send in note to 2024-01-09 06:28:43
24092 : 2024-01-09 06:28:43,649 : INFO : telemetry.note : Update the note mtime to 2024-01-09 06:28:43.648545
9960 : 2024-01-09 06:30:37,806 : INFO : telemetry.main : Attempt start. Configuration directory [~\.azure].
9960 : 2024-01-09 06:30:37,807 : DEBUG : telemetry.note : acquiring lock
9960 : 2024-01-09 06:30:37,807 : DEBUG : telemetry.note : acquired lock
9960 : 2024-01-09 06:30:37,807 : INFO : telemetry.note : Update the note mtime to 2024-01-09 06:30:37.807782
9960 : 2024-01-09 06:30:37,808 : INFO : telemetry.note : Read timestamp from the note. The last send was 2024-01-09 06:28:43.
9960 : 2024-01-09 06:30:37,809 : INFO : telemetry.records : 1 cache files to move.
9960 : 2024-01-09 06:30:37,809 : INFO : telemetry.records : Create temp folder C:\WINDOWS\Temp\tmp879p0whu
9960 : 2024-01-09 06:30:37,809 : INFO : telemetry.records : Move file ~\.azure\telemetry\cache to C:\WINDOWS\Temp\tmp879p0whu\cache
9960 : 2024-01-09 06:30:37,811 : INFO : telemetry.records : Processed file C:\WINDOWS\Temp\tmp879p0whu\cache into 1 records.
9960 : 2024-01-09 06:30:37,811 : INFO : telemetry.records : Remove directory C:\WINDOWS\Temp\tmp879p0whu
9960 : 2024-01-09 06:30:37,860 : INFO : telemetry.client : Accumulated 1 events. Flush the clients.
9960 : 2024-01-09 06:30:37,860 : INFO : telemetry.client : Flush client c4395b75-49cc-422c-bc95-c7d51aef5d46.
9960 : 2024-01-09 06:30:38,189 : INFO : telemetry.sender : Sending 3755 bytes
9960 : 2024-01-09 06:30:38,191 : INFO : telemetry.sender : Finish uploading in 0.330705 seconds.
9960 : 2024-01-09 06:30:38,193 : INFO : telemetry.note : Update the last send in note to 2024-01-09 06:30:37
9960 : 2024-01-09 06:30:38,194 : INFO : telemetry.note : Update the note mtime to 2024-01-09 06:30:38.194001
