23860 : 2024-01-13 19:29:11,295 : INFO : telemetry.main : Attempt start. Configuration directory [~\.azure].
23860 : 2024-01-13 19:29:11,295 : DEBUG : telemetry.note : acquiring lock
23860 : 2024-01-13 19:29:11,295 : DEBUG : telemetry.note : acquired lock
23860 : 2024-01-13 19:29:11,295 : INFO : telemetry.note : Update the note mtime to 2024-01-13 19:29:11.295093
23860 : 2024-01-13 19:29:11,295 : WARNING : telemetry.note : Fail to parse or read the timestamp 'N/A' in the note file. Set the last send time to minimal. Reason: not readable
23860 : 2024-01-13 19:29:11,295 : INFO : telemetry.records : 1 cache files to move.
23860 : 2024-01-13 19:29:11,302 : INFO : telemetry.records : Create temp folder C:\WINDOWS\Temp\tmpbhpna3fe
23860 : 2024-01-13 19:29:11,302 : INFO : telemetry.records : Move file ~\.azure\telemetry\cache to C:\WINDOWS\Temp\tmpbhpna3fe\cache
23860 : 2024-01-13 19:29:11,302 : INFO : telemetry.records : Processed file C:\WINDOWS\Temp\tmpbhpna3fe\cache into 1 records.
23860 : 2024-01-13 19:29:11,302 : INFO : telemetry.records : Remove directory C:\WINDOWS\Temp\tmpbhpna3fe
23860 : 2024-01-13 19:29:11,343 : INFO : telemetry.client : Accumulated 1 events. Flush the clients.
23860 : 2024-01-13 19:29:11,343 : INFO : telemetry.client : Flush client c4395b75-49cc-422c-bc95-c7d51aef5d46.
23860 : 2024-01-13 19:29:11,622 : INFO : telemetry.sender : Sending 3601 bytes
23860 : 2024-01-13 19:29:11,622 : INFO : telemetry.sender : Finish uploading in 0.279338 seconds.
23860 : 2024-01-13 19:29:11,622 : INFO : telemetry.note : Update the last send in note to 2024-01-13 19:29:10
23860 : 2024-01-13 19:29:11,622 : INFO : telemetry.note : Update the note mtime to 2024-01-13 19:29:11.622967
21016 : 2024-01-13 19:35:32,171 : INFO : telemetry.main : Attempt start. Configuration directory [~\.azure].
21016 : 2024-01-13 19:35:32,172 : DEBUG : telemetry.note : acquiring lock
21016 : 2024-01-13 19:35:32,172 : DEBUG : telemetry.note : acquired lock
21016 : 2024-01-13 19:35:32,172 : INFO : telemetry.note : Update the note mtime to 2024-01-13 19:35:32.172812
21016 : 2024-01-13 19:35:32,173 : INFO : telemetry.note : Read timestamp from the note. The last send was 2024-01-13 19:29:10.
21016 : 2024-01-13 19:35:32,174 : INFO : telemetry.records : 1 cache files to move.
21016 : 2024-01-13 19:35:32,174 : INFO : telemetry.records : Create temp folder C:\WINDOWS\Temp\tmpoptbsrfi
21016 : 2024-01-13 19:35:32,174 : INFO : telemetry.records : Move file ~\.azure\telemetry\cache to C:\WINDOWS\Temp\tmpoptbsrfi\cache
21016 : 2024-01-13 19:35:32,175 : INFO : telemetry.records : Processed file C:\WINDOWS\Temp\tmpoptbsrfi\cache into 1 records.
21016 : 2024-01-13 19:35:32,176 : INFO : telemetry.records : Remove directory C:\WINDOWS\Temp\tmpoptbsrfi
21016 : 2024-01-13 19:35:32,234 : INFO : telemetry.client : Accumulated 1 events. Flush the clients.
21016 : 2024-01-13 19:35:32,234 : INFO : telemetry.client : Flush client c4395b75-49cc-422c-bc95-c7d51aef5d46.
21016 : 2024-01-13 19:35:32,396 : INFO : telemetry.sender : Sending 3948 bytes
21016 : 2024-01-13 19:35:32,396 : INFO : telemetry.sender : Finish uploading in 0.160258 seconds.
21016 : 2024-01-13 19:35:32,396 : INFO : telemetry.note : Update the last send in note to 2024-01-13 19:35:32
21016 : 2024-01-13 19:35:32,396 : INFO : telemetry.note : Update the note mtime to 2024-01-13 19:35:32.396223
16448 : 2024-01-13 19:37:58,372 : INFO : telemetry.main : Attempt start. Configuration directory [~\.azure].
16448 : 2024-01-13 19:37:58,372 : DEBUG : telemetry.note : acquiring lock
16448 : 2024-01-13 19:37:58,372 : DEBUG : telemetry.note : acquired lock
16448 : 2024-01-13 19:37:58,373 : INFO : telemetry.note : Update the note mtime to 2024-01-13 19:37:58.372066
16448 : 2024-01-13 19:37:58,374 : INFO : telemetry.note : Read timestamp from the note. The last send was 2024-01-13 19:35:32.
16448 : 2024-01-13 19:37:58,374 : INFO : telemetry.records : 1 cache files to move.
16448 : 2024-01-13 19:37:58,375 : INFO : telemetry.records : Create temp folder C:\WINDOWS\Temp\tmp2py8zx9w
16448 : 2024-01-13 19:37:58,375 : INFO : telemetry.records : Move file ~\.azure\telemetry\cache to C:\WINDOWS\Temp\tmp2py8zx9w\cache
16448 : 2024-01-13 19:37:58,376 : INFO : telemetry.records : Processed file C:\WINDOWS\Temp\tmp2py8zx9w\cache into 1 records.
16448 : 2024-01-13 19:37:58,376 : INFO : telemetry.records : Remove directory C:\WINDOWS\Temp\tmp2py8zx9w
16448 : 2024-01-13 19:37:58,409 : INFO : telemetry.client : Accumulated 1 events. Flush the clients.
16448 : 2024-01-13 19:37:58,409 : INFO : telemetry.client : Flush client c4395b75-49cc-422c-bc95-c7d51aef5d46.
16448 : 2024-01-13 19:37:58,531 : INFO : telemetry.sender : Sending 3634 bytes
16448 : 2024-01-13 19:37:58,531 : INFO : telemetry.sender : Finish uploading in 0.122246 seconds.
16448 : 2024-01-13 19:37:58,532 : INFO : telemetry.note : Update the last send in note to 2024-01-13 19:37:58
16448 : 2024-01-13 19:37:58,532 : INFO : telemetry.note : Update the note mtime to 2024-01-13 19:37:58.532304
1132 : 2024-01-13 19:38:08,996 : INFO : telemetry.main : Attempt start. Configuration directory [~\.azure].
1132 : 2024-01-13 19:38:08,996 : DEBUG : telemetry.note : acquiring lock
1132 : 2024-01-13 19:38:08,997 : DEBUG : telemetry.note : acquired lock
1132 : 2024-01-13 19:38:08,997 : INFO : telemetry.note : Update the note mtime to 2024-01-13 19:38:08.997879
1132 : 2024-01-13 19:38:08,998 : INFO : telemetry.note : Read timestamp from the note. The last send was 2024-01-13 19:37:58.
1132 : 2024-01-13 19:38:08,999 : INFO : telemetry.records : 1 cache files to move.
1132 : 2024-01-13 19:38:08,999 : INFO : telemetry.records : Create temp folder C:\WINDOWS\Temp\tmpv4snrok4
1132 : 2024-01-13 19:38:09,000 : INFO : telemetry.records : Move file ~\.azure\telemetry\cache to C:\WINDOWS\Temp\tmpv4snrok4\cache
1132 : 2024-01-13 19:38:09,000 : INFO : telemetry.records : Processed file C:\WINDOWS\Temp\tmpv4snrok4\cache into 1 records.
1132 : 2024-01-13 19:38:09,001 : INFO : telemetry.records : Remove directory C:\WINDOWS\Temp\tmpv4snrok4
1132 : 2024-01-13 19:38:09,044 : INFO : telemetry.client : Accumulated 1 events. Flush the clients.
1132 : 2024-01-13 19:38:09,045 : INFO : telemetry.client : Flush client c4395b75-49cc-422c-bc95-c7d51aef5d46.
1132 : 2024-01-13 19:38:09,201 : INFO : telemetry.sender : Sending 3626 bytes
1132 : 2024-01-13 19:38:09,202 : INFO : telemetry.sender : Finish uploading in 0.157857 seconds.
1132 : 2024-01-13 19:38:09,203 : INFO : telemetry.note : Update the last send in note to 2024-01-13 19:38:08
1132 : 2024-01-13 19:38:09,203 : INFO : telemetry.note : Update the note mtime to 2024-01-13 19:38:09.203909
25912 : 2024-01-13 19:38:27,343 : INFO : telemetry.main : Attempt start. Configuration directory [~\.azure].
25912 : 2024-01-13 19:38:27,344 : DEBUG : telemetry.note : acquiring lock
25912 : 2024-01-13 19:38:27,344 : DEBUG : telemetry.note : acquired lock
25912 : 2024-01-13 19:38:27,344 : INFO : telemetry.note : Update the note mtime to 2024-01-13 19:38:27.344792
25912 : 2024-01-13 19:38:27,345 : INFO : telemetry.note : Read timestamp from the note. The last send was 2024-01-13 19:38:08.
25912 : 2024-01-13 19:38:27,346 : INFO : telemetry.records : 1 cache files to move.
25912 : 2024-01-13 19:38:27,346 : INFO : telemetry.records : Create temp folder C:\WINDOWS\Temp\tmpf59w3aku
25912 : 2024-01-13 19:38:27,346 : INFO : telemetry.records : Move file ~\.azure\telemetry\cache to C:\WINDOWS\Temp\tmpf59w3aku\cache
25912 : 2024-01-13 19:38:27,347 : INFO : telemetry.records : Processed file C:\WINDOWS\Temp\tmpf59w3aku\cache into 1 records.
25912 : 2024-01-13 19:38:27,347 : INFO : telemetry.records : Remove directory C:\WINDOWS\Temp\tmpf59w3aku
25912 : 2024-01-13 19:38:27,400 : INFO : telemetry.client : Accumulated 1 events. Flush the clients.
25912 : 2024-01-13 19:38:27,401 : INFO : telemetry.client : Flush client c4395b75-49cc-422c-bc95-c7d51aef5d46.
25912 : 2024-01-13 19:38:27,556 : INFO : telemetry.sender : Sending 3948 bytes
25912 : 2024-01-13 19:38:27,556 : INFO : telemetry.sender : Finish uploading in 0.154185 seconds.
25912 : 2024-01-13 19:38:27,557 : INFO : telemetry.note : Update the last send in note to 2024-01-13 19:38:27
25912 : 2024-01-13 19:38:27,557 : INFO : telemetry.note : Update the note mtime to 2024-01-13 19:38:27.557045
13188 : 2024-01-13 19:38:43,166 : INFO : telemetry.main : Attempt start. Configuration directory [~\.azure].
13188 : 2024-01-13 19:38:43,166 : DEBUG : telemetry.note : acquiring lock
13188 : 2024-01-13 19:38:43,167 : DEBUG : telemetry.note : acquired lock
13188 : 2024-01-13 19:38:43,167 : INFO : telemetry.note : Update the note mtime to 2024-01-13 19:38:43.167675
13188 : 2024-01-13 19:38:43,168 : INFO : telemetry.note : Read timestamp from the note. The last send was 2024-01-13 19:38:27.
13188 : 2024-01-13 19:38:43,169 : INFO : telemetry.records : 1 cache files to move.
13188 : 2024-01-13 19:38:43,169 : INFO : telemetry.records : Create temp folder C:\WINDOWS\Temp\tmphrsn1fvm
13188 : 2024-01-13 19:38:43,169 : INFO : telemetry.records : Move file ~\.azure\telemetry\cache to C:\WINDOWS\Temp\tmphrsn1fvm\cache
13188 : 2024-01-13 19:38:43,170 : INFO : telemetry.records : Processed file C:\WINDOWS\Temp\tmphrsn1fvm\cache into 1 records.
13188 : 2024-01-13 19:38:43,170 : INFO : telemetry.records : Remove directory C:\WINDOWS\Temp\tmphrsn1fvm
13188 : 2024-01-13 19:38:43,220 : INFO : telemetry.client : Accumulated 1 events. Flush the clients.
13188 : 2024-01-13 19:38:43,220 : INFO : telemetry.client : Flush client c4395b75-49cc-422c-bc95-c7d51aef5d46.
13188 : 2024-01-13 19:38:43,382 : INFO : telemetry.sender : Sending 3614 bytes
13188 : 2024-01-13 19:38:43,382 : INFO : telemetry.sender : Finish uploading in 0.162188 seconds.
13188 : 2024-01-13 19:38:43,383 : INFO : telemetry.note : Update the last send in note to 2024-01-13 19:38:42
13188 : 2024-01-13 19:38:43,384 : INFO : telemetry.note : Update the note mtime to 2024-01-13 19:38:43.383248
18072 : 2024-01-13 19:42:29,889 : INFO : telemetry.main : Attempt start. Configuration directory [~\.azure].
18072 : 2024-01-13 19:42:29,890 : DEBUG : telemetry.note : acquiring lock
18072 : 2024-01-13 19:42:29,890 : DEBUG : telemetry.note : acquired lock
18072 : 2024-01-13 19:42:29,891 : INFO : telemetry.note : Update the note mtime to 2024-01-13 19:42:29.890505
18072 : 2024-01-13 19:42:29,893 : INFO : telemetry.note : Read timestamp from the note. The last send was 2024-01-13 19:38:42.
18072 : 2024-01-13 19:42:29,894 : INFO : telemetry.records : 1 cache files to move.
18072 : 2024-01-13 19:42:29,894 : INFO : telemetry.records : Create temp folder C:\WINDOWS\Temp\tmp2ru7ueba
18072 : 2024-01-13 19:42:29,894 : INFO : telemetry.records : Move file ~\.azure\telemetry\cache to C:\WINDOWS\Temp\tmp2ru7ueba\cache
18072 : 2024-01-13 19:42:29,895 : INFO : telemetry.records : Processed file C:\WINDOWS\Temp\tmp2ru7ueba\cache into 1 records.
18072 : 2024-01-13 19:42:29,895 : INFO : telemetry.records : Remove directory C:\WINDOWS\Temp\tmp2ru7ueba
18072 : 2024-01-13 19:42:29,930 : INFO : telemetry.client : Accumulated 1 events. Flush the clients.
18072 : 2024-01-13 19:42:29,930 : INFO : telemetry.client : Flush client c4395b75-49cc-422c-bc95-c7d51aef5d46.
18072 : 2024-01-13 19:42:30,696 : INFO : telemetry.sender : Sending 3671 bytes
18072 : 2024-01-13 19:42:30,698 : INFO : telemetry.sender : Finish uploading in 0.767919 seconds.
18072 : 2024-01-13 19:42:30,698 : INFO : telemetry.note : Update the last send in note to 2024-01-13 19:42:29
18072 : 2024-01-13 19:42:30,699 : INFO : telemetry.note : Update the note mtime to 2024-01-13 19:42:30.698441
23328 : 2024-01-13 19:52:22,933 : INFO : telemetry.main : Attempt start. Configuration directory [~\.azure].
23328 : 2024-01-13 19:52:22,933 : DEBUG : telemetry.note : acquiring lock
23328 : 2024-01-13 19:52:22,934 : DEBUG : telemetry.note : acquired lock
23328 : 2024-01-13 19:52:22,934 : INFO : telemetry.note : Update the note mtime to 2024-01-13 19:52:22.934095
23328 : 2024-01-13 19:52:22,935 : INFO : telemetry.note : Read timestamp from the note. The last send was 2024-01-13 19:42:29.
23328 : 2024-01-13 19:52:22,936 : INFO : telemetry.records : 1 cache files to move.
23328 : 2024-01-13 19:52:22,936 : INFO : telemetry.records : Create temp folder C:\WINDOWS\Temp\tmpy0mbzrye
23328 : 2024-01-13 19:52:22,936 : INFO : telemetry.records : Move file ~\.azure\telemetry\cache to C:\WINDOWS\Temp\tmpy0mbzrye\cache
23328 : 2024-01-13 19:52:22,937 : INFO : telemetry.records : Processed file C:\WINDOWS\Temp\tmpy0mbzrye\cache into 1 records.
23328 : 2024-01-13 19:52:22,937 : INFO : telemetry.records : Remove directory C:\WINDOWS\Temp\tmpy0mbzrye
23328 : 2024-01-13 19:52:23,034 : INFO : telemetry.client : Accumulated 1 events. Flush the clients.
23328 : 2024-01-13 19:52:23,034 : INFO : telemetry.client : Flush client c4395b75-49cc-422c-bc95-c7d51aef5d46.
23328 : 2024-01-13 19:52:23,212 : INFO : telemetry.sender : Sending 3948 bytes
23328 : 2024-01-13 19:52:23,213 : INFO : telemetry.sender : Finish uploading in 0.179074 seconds.
23328 : 2024-01-13 19:52:23,214 : INFO : telemetry.note : Update the last send in note to 2024-01-13 19:52:22
23328 : 2024-01-13 19:52:23,215 : INFO : telemetry.note : Update the note mtime to 2024-01-13 19:52:23.215061
10260 : 2024-01-13 22:13:42,316 : INFO : telemetry.main : Attempt start. Configuration directory [~\.azure].
10260 : 2024-01-13 22:13:42,316 : DEBUG : telemetry.note : acquiring lock
10260 : 2024-01-13 22:13:42,317 : DEBUG : telemetry.note : acquired lock
10260 : 2024-01-13 22:13:42,317 : INFO : telemetry.note : Update the note mtime to 2024-01-13 22:13:42.317983
10260 : 2024-01-13 22:13:42,318 : INFO : telemetry.note : Read timestamp from the note. The last send was 2024-01-13 19:52:22.
10260 : 2024-01-13 22:13:42,319 : INFO : telemetry.records : 1 cache files to move.
10260 : 2024-01-13 22:13:42,319 : INFO : telemetry.records : Create temp folder C:\WINDOWS\Temp\tmpinw0l_u5
10260 : 2024-01-13 22:13:42,320 : INFO : telemetry.records : Move file ~\.azure\telemetry\cache to C:\WINDOWS\Temp\tmpinw0l_u5\cache
10260 : 2024-01-13 22:13:42,320 : INFO : telemetry.records : Processed file C:\WINDOWS\Temp\tmpinw0l_u5\cache into 1 records.
10260 : 2024-01-13 22:13:42,321 : INFO : telemetry.records : Remove directory C:\WINDOWS\Temp\tmpinw0l_u5
10260 : 2024-01-13 22:13:42,393 : INFO : telemetry.client : Accumulated 1 events. Flush the clients.
10260 : 2024-01-13 22:13:42,393 : INFO : telemetry.client : Flush client c4395b75-49cc-422c-bc95-c7d51aef5d46.
10260 : 2024-01-13 22:13:42,588 : INFO : telemetry.sender : Sending 3948 bytes
10260 : 2024-01-13 22:13:42,588 : INFO : telemetry.sender : Finish uploading in 0.194284 seconds.
10260 : 2024-01-13 22:13:42,589 : INFO : telemetry.note : Update the last send in note to 2024-01-13 22:13:42
10260 : 2024-01-13 22:13:42,590 : INFO : telemetry.note : Update the note mtime to 2024-01-13 22:13:42.589245
19816 : 2024-01-13 22:37:29,826 : INFO : telemetry.main : Attempt start. Configuration directory [~\.azure].
19816 : 2024-01-13 22:37:29,826 : DEBUG : telemetry.note : acquiring lock
19816 : 2024-01-13 22:37:29,827 : DEBUG : telemetry.note : acquired lock
19816 : 2024-01-13 22:37:29,827 : INFO : telemetry.note : Update the note mtime to 2024-01-13 22:37:29.827644
19816 : 2024-01-13 22:37:29,829 : INFO : telemetry.note : Read timestamp from the note. The last send was 2024-01-13 22:13:42.
19816 : 2024-01-13 22:37:29,830 : INFO : telemetry.records : 1 cache files to move.
19816 : 2024-01-13 22:37:29,830 : INFO : telemetry.records : Create temp folder C:\WINDOWS\Temp\tmpddmu1pr4
19816 : 2024-01-13 22:37:29,831 : INFO : telemetry.records : Move file ~\.azure\telemetry\cache to C:\WINDOWS\Temp\tmpddmu1pr4\cache
19816 : 2024-01-13 22:37:29,831 : INFO : telemetry.records : Processed file C:\WINDOWS\Temp\tmpddmu1pr4\cache into 1 records.
19816 : 2024-01-13 22:37:29,832 : INFO : telemetry.records : Remove directory C:\WINDOWS\Temp\tmpddmu1pr4
19816 : 2024-01-13 22:37:29,894 : INFO : telemetry.client : Accumulated 1 events. Flush the clients.
19816 : 2024-01-13 22:37:29,895 : INFO : telemetry.client : Flush client c4395b75-49cc-422c-bc95-c7d51aef5d46.
19816 : 2024-01-13 22:37:30,056 : INFO : telemetry.sender : Sending 3601 bytes
19816 : 2024-01-13 22:37:30,056 : INFO : telemetry.sender : Finish uploading in 0.161308 seconds.
19816 : 2024-01-13 22:37:30,057 : INFO : telemetry.note : Update the last send in note to 2024-01-13 22:37:29
19816 : 2024-01-13 22:37:30,058 : INFO : telemetry.note : Update the note mtime to 2024-01-13 22:37:30.057815
26464 : 2024-01-13 22:48:31,053 : INFO : telemetry.main : Attempt start. Configuration directory [~\.azure].
26464 : 2024-01-13 22:48:31,053 : DEBUG : telemetry.note : acquiring lock
26464 : 2024-01-13 22:48:31,053 : DEBUG : telemetry.note : acquired lock
26464 : 2024-01-13 22:48:31,053 : INFO : telemetry.note : Update the note mtime to 2024-01-13 22:48:31.053107
26464 : 2024-01-13 22:48:31,055 : INFO : telemetry.note : Read timestamp from the note. The last send was 2024-01-13 22:37:29.
26464 : 2024-01-13 22:48:31,055 : INFO : telemetry.records : 1 cache files to move.
26464 : 2024-01-13 22:48:31,056 : INFO : telemetry.records : Create temp folder C:\WINDOWS\Temp\tmpoh6fjn9u
26464 : 2024-01-13 22:48:31,056 : INFO : telemetry.records : Move file ~\.azure\telemetry\cache to C:\WINDOWS\Temp\tmpoh6fjn9u\cache
26464 : 2024-01-13 22:48:31,057 : INFO : telemetry.records : Processed file C:\WINDOWS\Temp\tmpoh6fjn9u\cache into 1 records.
26464 : 2024-01-13 22:48:31,057 : INFO : telemetry.records : Remove directory C:\WINDOWS\Temp\tmpoh6fjn9u
26464 : 2024-01-13 22:48:31,097 : INFO : telemetry.client : Accumulated 1 events. Flush the clients.
26464 : 2024-01-13 22:48:31,097 : INFO : telemetry.client : Flush client c4395b75-49cc-422c-bc95-c7d51aef5d46.
26464 : 2024-01-13 22:48:31,281 : INFO : telemetry.sender : Sending 3650 bytes
26464 : 2024-01-13 22:48:31,282 : INFO : telemetry.sender : Finish uploading in 0.184371 seconds.
26464 : 2024-01-13 22:48:31,282 : INFO : telemetry.note : Update the last send in note to 2024-01-13 22:48:30
26464 : 2024-01-13 22:48:31,283 : INFO : telemetry.note : Update the note mtime to 2024-01-13 22:48:31.283315
14280 : 2024-01-13 22:48:47,531 : INFO : telemetry.main : Attempt start. Configuration directory [~\.azure].
14280 : 2024-01-13 22:48:47,531 : DEBUG : telemetry.note : acquiring lock
14280 : 2024-01-13 22:48:47,532 : DEBUG : telemetry.note : acquired lock
14280 : 2024-01-13 22:48:47,532 : INFO : telemetry.note : Update the note mtime to 2024-01-13 22:48:47.532066
14280 : 2024-01-13 22:48:47,533 : INFO : telemetry.note : Read timestamp from the note. The last send was 2024-01-13 22:48:30.
14280 : 2024-01-13 22:48:47,533 : INFO : telemetry.records : 1 cache files to move.
14280 : 2024-01-13 22:48:47,533 : INFO : telemetry.records : Create temp folder C:\WINDOWS\Temp\tmps9uqw6gd
14280 : 2024-01-13 22:48:47,534 : INFO : telemetry.records : Move file ~\.azure\telemetry\cache to C:\WINDOWS\Temp\tmps9uqw6gd\cache
14280 : 2024-01-13 22:48:47,534 : INFO : telemetry.records : Processed file C:\WINDOWS\Temp\tmps9uqw6gd\cache into 1 records.
14280 : 2024-01-13 22:48:47,534 : INFO : telemetry.records : Remove directory C:\WINDOWS\Temp\tmps9uqw6gd
14280 : 2024-01-13 22:48:47,602 : INFO : telemetry.client : Accumulated 1 events. Flush the clients.
14280 : 2024-01-13 22:48:47,602 : INFO : telemetry.client : Flush client c4395b75-49cc-422c-bc95-c7d51aef5d46.
14280 : 2024-01-13 22:48:47,745 : INFO : telemetry.sender : Sending 3948 bytes
14280 : 2024-01-13 22:48:47,745 : INFO : telemetry.sender : Finish uploading in 0.142876 seconds.
14280 : 2024-01-13 22:48:47,745 : INFO : telemetry.note : Update the last send in note to 2024-01-13 22:48:47
14280 : 2024-01-13 22:48:47,746 : INFO : telemetry.note : Update the note mtime to 2024-01-13 22:48:47.745929
23452 : 2024-01-13 22:55:57,752 : INFO : telemetry.main : Attempt start. Configuration directory [~\.azure].
23452 : 2024-01-13 22:55:57,752 : DEBUG : telemetry.note : acquiring lock
23452 : 2024-01-13 22:55:57,752 : DEBUG : telemetry.note : acquired lock
23452 : 2024-01-13 22:55:57,754 : INFO : telemetry.note : Update the note mtime to 2024-01-13 22:55:57.752495
23452 : 2024-01-13 22:55:57,755 : INFO : telemetry.note : Read timestamp from the note. The last send was 2024-01-13 22:48:47.
23452 : 2024-01-13 22:55:57,755 : INFO : telemetry.records : 1 cache files to move.
23452 : 2024-01-13 22:55:57,756 : INFO : telemetry.records : Create temp folder C:\WINDOWS\Temp\tmpcruze36g
23452 : 2024-01-13 22:55:57,756 : INFO : telemetry.records : Move file ~\.azure\telemetry\cache to C:\WINDOWS\Temp\tmpcruze36g\cache
23452 : 2024-01-13 22:55:57,756 : INFO : telemetry.records : Processed file C:\WINDOWS\Temp\tmpcruze36g\cache into 1 records.
23452 : 2024-01-13 22:55:57,757 : INFO : telemetry.records : Remove directory C:\WINDOWS\Temp\tmpcruze36g
23452 : 2024-01-13 22:55:57,830 : INFO : telemetry.client : Accumulated 1 events. Flush the clients.
23452 : 2024-01-13 22:55:57,830 : INFO : telemetry.client : Flush client c4395b75-49cc-422c-bc95-c7d51aef5d46.
23452 : 2024-01-13 22:55:58,011 : INFO : telemetry.sender : Sending 3633 bytes
23452 : 2024-01-13 22:55:58,012 : INFO : telemetry.sender : Finish uploading in 0.181847 seconds.
23452 : 2024-01-13 22:55:58,013 : INFO : telemetry.note : Update the last send in note to 2024-01-13 22:55:57
23452 : 2024-01-13 22:55:58,013 : INFO : telemetry.note : Update the note mtime to 2024-01-13 22:55:58.013861
17212 : 2024-01-13 22:56:12,241 : INFO : telemetry.main : Attempt start. Configuration directory [~\.azure].
17212 : 2024-01-13 22:56:12,241 : DEBUG : telemetry.note : acquiring lock
17212 : 2024-01-13 22:56:12,242 : DEBUG : telemetry.note : acquired lock
17212 : 2024-01-13 22:56:12,242 : INFO : telemetry.note : Update the note mtime to 2024-01-13 22:56:12.242275
17212 : 2024-01-13 22:56:12,243 : INFO : telemetry.note : Read timestamp from the note. The last send was 2024-01-13 22:55:57.
17212 : 2024-01-13 22:56:12,244 : INFO : telemetry.records : 1 cache files to move.
17212 : 2024-01-13 22:56:12,244 : INFO : telemetry.records : Create temp folder C:\WINDOWS\Temp\tmpkq8v5ecd
17212 : 2024-01-13 22:56:12,244 : INFO : telemetry.records : Move file ~\.azure\telemetry\cache to C:\WINDOWS\Temp\tmpkq8v5ecd\cache
17212 : 2024-01-13 22:56:12,245 : INFO : telemetry.records : Processed file C:\WINDOWS\Temp\tmpkq8v5ecd\cache into 1 records.
17212 : 2024-01-13 22:56:12,245 : INFO : telemetry.records : Remove directory C:\WINDOWS\Temp\tmpkq8v5ecd
17212 : 2024-01-13 22:56:12,286 : INFO : telemetry.client : Accumulated 1 events. Flush the clients.
17212 : 2024-01-13 22:56:12,286 : INFO : telemetry.client : Flush client c4395b75-49cc-422c-bc95-c7d51aef5d46.
17212 : 2024-01-13 22:56:12,426 : INFO : telemetry.sender : Sending 3882 bytes
17212 : 2024-01-13 22:56:12,427 : INFO : telemetry.sender : Finish uploading in 0.141932 seconds.
17212 : 2024-01-13 22:56:12,428 : INFO : telemetry.note : Update the last send in note to 2024-01-13 22:56:12
17212 : 2024-01-13 22:56:12,429 : INFO : telemetry.note : Update the note mtime to 2024-01-13 22:56:12.428945
21952 : 2024-01-13 22:56:18,913 : INFO : telemetry.main : Attempt start. Configuration directory [~\.azure].
21952 : 2024-01-13 22:56:18,913 : DEBUG : telemetry.note : acquiring lock
21952 : 2024-01-13 22:56:18,914 : DEBUG : telemetry.note : acquired lock
21952 : 2024-01-13 22:56:18,914 : INFO : telemetry.note : Update the note mtime to 2024-01-13 22:56:18.914922
21952 : 2024-01-13 22:56:18,915 : INFO : telemetry.note : Read timestamp from the note. The last send was 2024-01-13 22:56:12.
21952 : 2024-01-13 22:56:18,916 : INFO : telemetry.records : 1 cache files to move.
21952 : 2024-01-13 22:56:18,916 : INFO : telemetry.records : Create temp folder C:\WINDOWS\Temp\tmpxxt0xyhq
21952 : 2024-01-13 22:56:18,917 : INFO : telemetry.records : Move file ~\.azure\telemetry\cache to C:\WINDOWS\Temp\tmpxxt0xyhq\cache
21952 : 2024-01-13 22:56:18,917 : INFO : telemetry.records : Processed file C:\WINDOWS\Temp\tmpxxt0xyhq\cache into 1 records.
21952 : 2024-01-13 22:56:18,917 : INFO : telemetry.records : Remove directory C:\WINDOWS\Temp\tmpxxt0xyhq
21952 : 2024-01-13 22:56:18,947 : INFO : telemetry.client : Accumulated 1 events. Flush the clients.
21952 : 2024-01-13 22:56:18,947 : INFO : telemetry.client : Flush client c4395b75-49cc-422c-bc95-c7d51aef5d46.
21952 : 2024-01-13 22:56:19,059 : INFO : telemetry.sender : Sending 3625 bytes
21952 : 2024-01-13 22:56:19,059 : INFO : telemetry.sender : Finish uploading in 0.112053 seconds.
21952 : 2024-01-13 22:56:19,059 : INFO : telemetry.note : Update the last send in note to 2024-01-13 22:56:18
21952 : 2024-01-13 22:56:19,060 : INFO : telemetry.note : Update the note mtime to 2024-01-13 22:56:19.060976
17264 : 2024-01-13 23:01:01,983 : INFO : telemetry.main : Attempt start. Configuration directory [~\.azure].
17264 : 2024-01-13 23:01:01,983 : DEBUG : telemetry.note : acquiring lock
17264 : 2024-01-13 23:01:01,984 : DEBUG : telemetry.note : acquired lock
17264 : 2024-01-13 23:01:01,984 : INFO : telemetry.note : Update the note mtime to 2024-01-13 23:01:01.984588
17264 : 2024-01-13 23:01:01,985 : INFO : telemetry.note : Read timestamp from the note. The last send was 2024-01-13 22:56:18.
17264 : 2024-01-13 23:01:01,986 : INFO : telemetry.records : 1 cache files to move.
17264 : 2024-01-13 23:01:01,986 : INFO : telemetry.records : Create temp folder C:\WINDOWS\Temp\tmpqy9z3rbn
17264 : 2024-01-13 23:01:01,986 : INFO : telemetry.records : Move file ~\.azure\telemetry\cache to C:\WINDOWS\Temp\tmpqy9z3rbn\cache
17264 : 2024-01-13 23:01:01,987 : INFO : telemetry.records : Processed file C:\WINDOWS\Temp\tmpqy9z3rbn\cache into 1 records.
17264 : 2024-01-13 23:01:01,987 : INFO : telemetry.records : Remove directory C:\WINDOWS\Temp\tmpqy9z3rbn
17264 : 2024-01-13 23:01:02,048 : INFO : telemetry.client : Accumulated 1 events. Flush the clients.
17264 : 2024-01-13 23:01:02,049 : INFO : telemetry.client : Flush client c4395b75-49cc-422c-bc95-c7d51aef5d46.
17264 : 2024-01-13 23:01:02,225 : INFO : telemetry.sender : Sending 3676 bytes
17264 : 2024-01-13 23:01:02,226 : INFO : telemetry.sender : Finish uploading in 0.177203 seconds.
17264 : 2024-01-13 23:01:02,226 : INFO : telemetry.note : Update the last send in note to 2024-01-13 23:01:01
17264 : 2024-01-13 23:01:02,226 : INFO : telemetry.note : Update the note mtime to 2024-01-13 23:01:02.226367
2488 : 2024-01-13 23:45:03,079 : INFO : telemetry.main : Attempt start. Configuration directory [~\.azure].
2488 : 2024-01-13 23:45:03,079 : DEBUG : telemetry.note : acquiring lock
2488 : 2024-01-13 23:45:03,080 : DEBUG : telemetry.note : acquired lock
2488 : 2024-01-13 23:45:03,080 : INFO : telemetry.note : Update the note mtime to 2024-01-13 23:45:03.080297
2488 : 2024-01-13 23:45:03,081 : INFO : telemetry.note : Read timestamp from the note. The last send was 2024-01-13 23:01:01.
2488 : 2024-01-13 23:45:03,082 : INFO : telemetry.records : 1 cache files to move.
2488 : 2024-01-13 23:45:03,082 : INFO : telemetry.records : Create temp folder C:\WINDOWS\Temp\tmpgf7k29es
2488 : 2024-01-13 23:45:03,083 : INFO : telemetry.records : Move file ~\.azure\telemetry\cache to C:\WINDOWS\Temp\tmpgf7k29es\cache
2488 : 2024-01-13 23:45:03,083 : INFO : telemetry.records : Processed file C:\WINDOWS\Temp\tmpgf7k29es\cache into 1 records.
2488 : 2024-01-13 23:45:03,083 : INFO : telemetry.records : Remove directory C:\WINDOWS\Temp\tmpgf7k29es
2488 : 2024-01-13 23:45:03,139 : INFO : telemetry.client : Accumulated 1 events. Flush the clients.
2488 : 2024-01-13 23:45:03,139 : INFO : telemetry.client : Flush client c4395b75-49cc-422c-bc95-c7d51aef5d46.
2488 : 2024-01-13 23:45:03,291 : INFO : telemetry.sender : Sending 3651 bytes
2488 : 2024-01-13 23:45:03,291 : INFO : telemetry.sender : Finish uploading in 0.152412 seconds.
2488 : 2024-01-13 23:45:03,291 : INFO : telemetry.note : Update the last send in note to 2024-01-13 23:45:02
2488 : 2024-01-13 23:45:03,292 : INFO : telemetry.note : Update the note mtime to 2024-01-13 23:45:03.292746
1984 : 2024-01-13 23:56:33,934 : INFO : telemetry.main : Attempt start. Configuration directory [~\.azure].
1984 : 2024-01-13 23:56:33,935 : DEBUG : telemetry.note : acquiring lock
1984 : 2024-01-13 23:56:33,935 : DEBUG : telemetry.note : acquired lock
1984 : 2024-01-13 23:56:33,935 : INFO : telemetry.note : Update the note mtime to 2024-01-13 23:56:33.935294
1984 : 2024-01-13 23:56:33,936 : INFO : telemetry.note : Read timestamp from the note. The last send was 2024-01-13 23:45:02.
1984 : 2024-01-13 23:56:33,937 : INFO : telemetry.records : 1 cache files to move.
1984 : 2024-01-13 23:56:33,937 : INFO : telemetry.records : Create temp folder C:\WINDOWS\Temp\tmp9g0nx1t5
1984 : 2024-01-13 23:56:33,938 : INFO : telemetry.records : Move file ~\.azure\telemetry\cache to C:\WINDOWS\Temp\tmp9g0nx1t5\cache
1984 : 2024-01-13 23:56:33,938 : INFO : telemetry.records : Processed file C:\WINDOWS\Temp\tmp9g0nx1t5\cache into 1 records.
1984 : 2024-01-13 23:56:33,938 : INFO : telemetry.records : Remove directory C:\WINDOWS\Temp\tmp9g0nx1t5
1984 : 2024-01-13 23:56:33,975 : INFO : telemetry.client : Accumulated 1 events. Flush the clients.
1984 : 2024-01-13 23:56:33,975 : INFO : telemetry.client : Flush client c4395b75-49cc-422c-bc95-c7d51aef5d46.
1984 : 2024-01-13 23:56:34,125 : INFO : telemetry.sender : Sending 3651 bytes
1984 : 2024-01-13 23:56:34,125 : INFO : telemetry.sender : Finish uploading in 0.149705 seconds.
1984 : 2024-01-13 23:56:34,125 : INFO : telemetry.note : Update the last send in note to 2024-01-13 23:56:33
1984 : 2024-01-13 23:56:34,125 : INFO : telemetry.note : Update the note mtime to 2024-01-13 23:56:34.125242
5376 : 2024-01-14 00:01:08,901 : INFO : telemetry.main : Attempt start. Configuration directory [~\.azure].
5376 : 2024-01-14 00:01:08,902 : DEBUG : telemetry.note : acquiring lock
5376 : 2024-01-14 00:01:08,902 : DEBUG : telemetry.note : acquired lock
5376 : 2024-01-14 00:01:08,902 : INFO : telemetry.note : Update the note mtime to 2024-01-14 00:01:08.902207
5376 : 2024-01-14 00:01:08,904 : INFO : telemetry.note : Read timestamp from the note. The last send was 2024-01-13 23:56:33.
5376 : 2024-01-14 00:01:08,904 : INFO : telemetry.records : 1 cache files to move.
5376 : 2024-01-14 00:01:08,904 : INFO : telemetry.records : Create temp folder C:\WINDOWS\Temp\tmpr4bgszr3
5376 : 2024-01-14 00:01:08,905 : INFO : telemetry.records : Move file ~\.azure\telemetry\cache to C:\WINDOWS\Temp\tmpr4bgszr3\cache
5376 : 2024-01-14 00:01:08,905 : INFO : telemetry.records : Processed file C:\WINDOWS\Temp\tmpr4bgszr3\cache into 1 records.
5376 : 2024-01-14 00:01:08,906 : INFO : telemetry.records : Remove directory C:\WINDOWS\Temp\tmpr4bgszr3
5376 : 2024-01-14 00:01:08,978 : INFO : telemetry.client : Accumulated 1 events. Flush the clients.
5376 : 2024-01-14 00:01:08,979 : INFO : telemetry.client : Flush client c4395b75-49cc-422c-bc95-c7d51aef5d46.
5376 : 2024-01-14 00:01:09,106 : INFO : telemetry.sender : Sending 3651 bytes
5376 : 2024-01-14 00:01:09,106 : INFO : telemetry.sender : Finish uploading in 0.127232 seconds.
5376 : 2024-01-14 00:01:09,107 : INFO : telemetry.note : Update the last send in note to 2024-01-14 00:01:08
5376 : 2024-01-14 00:01:09,107 : INFO : telemetry.note : Update the note mtime to 2024-01-14 00:01:09.107452
26408 : 2024-01-14 00:30:34,291 : INFO : telemetry.main : Attempt start. Configuration directory [~\.azure].
26408 : 2024-01-14 00:30:34,292 : DEBUG : telemetry.note : acquiring lock
26408 : 2024-01-14 00:30:34,292 : DEBUG : telemetry.note : acquired lock
26408 : 2024-01-14 00:30:34,292 : INFO : telemetry.note : Update the note mtime to 2024-01-14 00:30:34.292117
26408 : 2024-01-14 00:30:34,293 : INFO : telemetry.note : Read timestamp from the note. The last send was 2024-01-14 00:01:08.
26408 : 2024-01-14 00:30:34,294 : INFO : telemetry.records : 1 cache files to move.
26408 : 2024-01-14 00:30:34,294 : INFO : telemetry.records : Create temp folder C:\WINDOWS\Temp\tmpjrvn227z
26408 : 2024-01-14 00:30:34,294 : INFO : telemetry.records : Move file ~\.azure\telemetry\cache to C:\WINDOWS\Temp\tmpjrvn227z\cache
26408 : 2024-01-14 00:30:34,295 : INFO : telemetry.records : Processed file C:\WINDOWS\Temp\tmpjrvn227z\cache into 1 records.
26408 : 2024-01-14 00:30:34,295 : INFO : telemetry.records : Remove directory C:\WINDOWS\Temp\tmpjrvn227z
26408 : 2024-01-14 00:30:34,330 : INFO : telemetry.client : Accumulated 1 events. Flush the clients.
26408 : 2024-01-14 00:30:34,330 : INFO : telemetry.client : Flush client c4395b75-49cc-422c-bc95-c7d51aef5d46.
26408 : 2024-01-14 00:30:34,469 : INFO : telemetry.sender : Sending 3651 bytes
26408 : 2024-01-14 00:30:34,470 : INFO : telemetry.sender : Finish uploading in 0.140664 seconds.
26408 : 2024-01-14 00:30:34,470 : INFO : telemetry.note : Update the last send in note to 2024-01-14 00:30:34
26408 : 2024-01-14 00:30:34,471 : INFO : telemetry.note : Update the note mtime to 2024-01-14 00:30:34.471781
25616 : 2024-01-14 01:55:56,098 : INFO : telemetry.main : Attempt start. Configuration directory [~\.azure].
25616 : 2024-01-14 01:55:56,099 : DEBUG : telemetry.note : acquiring lock
25616 : 2024-01-14 01:55:56,099 : DEBUG : telemetry.note : acquired lock
25616 : 2024-01-14 01:55:56,099 : INFO : telemetry.note : Update the note mtime to 2024-01-14 01:55:56.099388
25616 : 2024-01-14 01:55:56,101 : INFO : telemetry.note : Read timestamp from the note. The last send was 2024-01-14 00:30:34.
25616 : 2024-01-14 01:55:56,101 : INFO : telemetry.records : 1 cache files to move.
25616 : 2024-01-14 01:55:56,101 : INFO : telemetry.records : Create temp folder C:\WINDOWS\Temp\tmpydahi7sf
25616 : 2024-01-14 01:55:56,102 : INFO : telemetry.records : Move file ~\.azure\telemetry\cache to C:\WINDOWS\Temp\tmpydahi7sf\cache
25616 : 2024-01-14 01:55:56,102 : INFO : telemetry.records : Processed file C:\WINDOWS\Temp\tmpydahi7sf\cache into 1 records.
25616 : 2024-01-14 01:55:56,103 : INFO : telemetry.records : Remove directory C:\WINDOWS\Temp\tmpydahi7sf
25616 : 2024-01-14 01:55:56,179 : INFO : telemetry.client : Accumulated 1 events. Flush the clients.
25616 : 2024-01-14 01:55:56,179 : INFO : telemetry.client : Flush client c4395b75-49cc-422c-bc95-c7d51aef5d46.
25616 : 2024-01-14 01:55:56,338 : INFO : telemetry.sender : Sending 3651 bytes
25616 : 2024-01-14 01:55:56,338 : INFO : telemetry.sender : Finish uploading in 0.159502 seconds.
25616 : 2024-01-14 01:55:56,339 : INFO : telemetry.note : Update the last send in note to 2024-01-14 01:55:55
25616 : 2024-01-14 01:55:56,340 : INFO : telemetry.note : Update the note mtime to 2024-01-14 01:55:56.339602
21488 : 2024-01-16 16:38:05,103 : INFO : telemetry.main : Attempt start. Configuration directory [~\.azure].
21488 : 2024-01-16 16:38:05,104 : DEBUG : telemetry.note : acquiring lock
21488 : 2024-01-16 16:38:05,104 : DEBUG : telemetry.note : acquired lock
21488 : 2024-01-16 16:38:05,104 : INFO : telemetry.note : Update the note mtime to 2024-01-16 16:38:05.104836
21488 : 2024-01-16 16:38:05,106 : INFO : telemetry.note : Read timestamp from the note. The last send was 2024-01-14 01:55:55.
21488 : 2024-01-16 16:38:05,106 : INFO : telemetry.records : 1 cache files to move.
21488 : 2024-01-16 16:38:05,106 : INFO : telemetry.records : Create temp folder C:\WINDOWS\Temp\tmp6yvnpxet
21488 : 2024-01-16 16:38:05,107 : INFO : telemetry.records : Move file ~\.azure\telemetry\cache to C:\WINDOWS\Temp\tmp6yvnpxet\cache
21488 : 2024-01-16 16:38:05,107 : INFO : telemetry.records : Processed file C:\WINDOWS\Temp\tmp6yvnpxet\cache into 1 records.
21488 : 2024-01-16 16:38:05,108 : INFO : telemetry.records : Remove directory C:\WINDOWS\Temp\tmp6yvnpxet
21488 : 2024-01-16 16:38:05,132 : INFO : telemetry.client : Accumulated 1 events. Flush the clients.
21488 : 2024-01-16 16:38:05,132 : INFO : telemetry.client : Flush client c4395b75-49cc-422c-bc95-c7d51aef5d46.
21488 : 2024-01-16 16:38:05,294 : INFO : telemetry.sender : Sending 3601 bytes
21488 : 2024-01-16 16:38:05,294 : INFO : telemetry.sender : Finish uploading in 0.162384 seconds.
21488 : 2024-01-16 16:38:05,295 : INFO : telemetry.note : Update the last send in note to 2024-01-16 16:38:04
21488 : 2024-01-16 16:38:05,295 : INFO : telemetry.note : Update the note mtime to 2024-01-16 16:38:05.295479
5444 : 2024-01-16 16:41:23,838 : INFO : telemetry.main : Attempt start. Configuration directory [~\.azure].
5444 : 2024-01-16 16:41:23,839 : DEBUG : telemetry.note : acquiring lock
5444 : 2024-01-16 16:41:23,839 : DEBUG : telemetry.note : acquired lock
5444 : 2024-01-16 16:41:23,839 : INFO : telemetry.note : Update the note mtime to 2024-01-16 16:41:23.839751
5444 : 2024-01-16 16:41:23,840 : INFO : telemetry.note : Read timestamp from the note. The last send was 2024-01-16 16:38:04.
5444 : 2024-01-16 16:41:23,841 : INFO : telemetry.records : 1 cache files to move.
5444 : 2024-01-16 16:41:23,841 : INFO : telemetry.records : Create temp folder C:\WINDOWS\Temp\tmpm55uciry
5444 : 2024-01-16 16:41:23,842 : INFO : telemetry.records : Move file ~\.azure\telemetry\cache to C:\WINDOWS\Temp\tmpm55uciry\cache
5444 : 2024-01-16 16:41:23,842 : INFO : telemetry.records : Processed file C:\WINDOWS\Temp\tmpm55uciry\cache into 1 records.
5444 : 2024-01-16 16:41:23,842 : INFO : telemetry.records : Remove directory C:\WINDOWS\Temp\tmpm55uciry
5444 : 2024-01-16 16:41:23,866 : INFO : telemetry.client : Accumulated 1 events. Flush the clients.
5444 : 2024-01-16 16:41:23,866 : INFO : telemetry.client : Flush client c4395b75-49cc-422c-bc95-c7d51aef5d46.
5444 : 2024-01-16 16:41:24,021 : INFO : telemetry.sender : Sending 3985 bytes
5444 : 2024-01-16 16:41:24,021 : INFO : telemetry.sender : Finish uploading in 0.155237 seconds.
5444 : 2024-01-16 16:41:24,021 : INFO : telemetry.note : Update the last send in note to 2024-01-16 16:41:23
5444 : 2024-01-16 16:41:24,021 : INFO : telemetry.note : Update the note mtime to 2024-01-16 16:41:24.021556
12424 : 2024-01-16 16:41:52,039 : INFO : telemetry.main : Attempt start. Configuration directory [~\.azure].
12424 : 2024-01-16 16:41:52,039 : DEBUG : telemetry.note : acquiring lock
12424 : 2024-01-16 16:41:52,039 : DEBUG : telemetry.note : acquired lock
12424 : 2024-01-16 16:41:52,039 : INFO : telemetry.note : Update the note mtime to 2024-01-16 16:41:52.039266
12424 : 2024-01-16 16:41:52,041 : INFO : telemetry.note : Read timestamp from the note. The last send was 2024-01-16 16:41:23.
12424 : 2024-01-16 16:41:52,041 : INFO : telemetry.records : 1 cache files to move.
12424 : 2024-01-16 16:41:52,041 : INFO : telemetry.records : Create temp folder C:\WINDOWS\Temp\tmpxqxjta8h
12424 : 2024-01-16 16:41:52,042 : INFO : telemetry.records : Move file ~\.azure\telemetry\cache to C:\WINDOWS\Temp\tmpxqxjta8h\cache
12424 : 2024-01-16 16:41:52,042 : INFO : telemetry.records : Processed file C:\WINDOWS\Temp\tmpxqxjta8h\cache into 1 records.
12424 : 2024-01-16 16:41:52,043 : INFO : telemetry.records : Remove directory C:\WINDOWS\Temp\tmpxqxjta8h
12424 : 2024-01-16 16:41:52,072 : INFO : telemetry.client : Accumulated 1 events. Flush the clients.
12424 : 2024-01-16 16:41:52,072 : INFO : telemetry.client : Flush client c4395b75-49cc-422c-bc95-c7d51aef5d46.
12424 : 2024-01-16 16:41:52,256 : INFO : telemetry.sender : Sending 3626 bytes
12424 : 2024-01-16 16:41:52,257 : INFO : telemetry.sender : Finish uploading in 0.184988 seconds.
12424 : 2024-01-16 16:41:52,258 : INFO : telemetry.note : Update the last send in note to 2024-01-16 16:41:51
12424 : 2024-01-16 16:41:52,259 : INFO : telemetry.note : Update the note mtime to 2024-01-16 16:41:52.259657
11860 : 2024-01-16 16:46:11,768 : INFO : telemetry.main : Attempt start. Configuration directory [~\.azure].
11860 : 2024-01-16 16:46:11,769 : DEBUG : telemetry.note : acquiring lock
11860 : 2024-01-16 16:46:11,769 : DEBUG : telemetry.note : acquired lock
11860 : 2024-01-16 16:46:11,770 : INFO : telemetry.note : Update the note mtime to 2024-01-16 16:46:11.769134
11860 : 2024-01-16 16:46:11,771 : INFO : telemetry.note : Read timestamp from the note. The last send was 2024-01-16 16:41:51.
11860 : 2024-01-16 16:46:11,772 : INFO : telemetry.records : 1 cache files to move.
11860 : 2024-01-16 16:46:11,772 : INFO : telemetry.records : Create temp folder C:\WINDOWS\Temp\tmp2b61kgih
11860 : 2024-01-16 16:46:11,773 : INFO : telemetry.records : Move file ~\.azure\telemetry\cache to C:\WINDOWS\Temp\tmp2b61kgih\cache
11860 : 2024-01-16 16:46:11,773 : INFO : telemetry.records : Processed file C:\WINDOWS\Temp\tmp2b61kgih\cache into 1 records.
11860 : 2024-01-16 16:46:11,774 : INFO : telemetry.records : Remove directory C:\WINDOWS\Temp\tmp2b61kgih
11860 : 2024-01-16 16:46:11,802 : INFO : telemetry.client : Accumulated 1 events. Flush the clients.
11860 : 2024-01-16 16:46:11,802 : INFO : telemetry.client : Flush client c4395b75-49cc-422c-bc95-c7d51aef5d46.
11860 : 2024-01-16 16:46:12,011 : INFO : telemetry.sender : Sending 3796 bytes
11860 : 2024-01-16 16:46:12,011 : INFO : telemetry.sender : Finish uploading in 0.208174 seconds.
11860 : 2024-01-16 16:46:12,011 : INFO : telemetry.note : Update the last send in note to 2024-01-16 16:46:11
11860 : 2024-01-16 16:46:12,012 : INFO : telemetry.note : Update the note mtime to 2024-01-16 16:46:12.012177
10228 : 2024-01-16 16:49:30,147 : INFO : telemetry.main : Attempt start. Configuration directory [~\.azure].
10228 : 2024-01-16 16:49:30,148 : DEBUG : telemetry.note : acquiring lock
10228 : 2024-01-16 16:49:30,148 : DEBUG : telemetry.note : acquired lock
10228 : 2024-01-16 16:49:30,148 : INFO : telemetry.note : Update the note mtime to 2024-01-16 16:49:30.148829
10228 : 2024-01-16 16:49:30,150 : INFO : telemetry.note : Read timestamp from the note. The last send was 2024-01-16 16:46:11.
10228 : 2024-01-16 16:49:30,150 : INFO : telemetry.records : 1 cache files to move.
10228 : 2024-01-16 16:49:30,150 : INFO : telemetry.records : Create temp folder C:\WINDOWS\Temp\tmp11f13zcd
10228 : 2024-01-16 16:49:30,151 : INFO : telemetry.records : Move file ~\.azure\telemetry\cache to C:\WINDOWS\Temp\tmp11f13zcd\cache
10228 : 2024-01-16 16:49:30,151 : INFO : telemetry.records : Processed file C:\WINDOWS\Temp\tmp11f13zcd\cache into 1 records.
10228 : 2024-01-16 16:49:30,152 : INFO : telemetry.records : Remove directory C:\WINDOWS\Temp\tmp11f13zcd
10228 : 2024-01-16 16:49:30,180 : INFO : telemetry.client : Accumulated 1 events. Flush the clients.
10228 : 2024-01-16 16:49:30,180 : INFO : telemetry.client : Flush client c4395b75-49cc-422c-bc95-c7d51aef5d46.
10228 : 2024-01-16 16:49:30,362 : INFO : telemetry.sender : Sending 3601 bytes
10228 : 2024-01-16 16:49:30,362 : INFO : telemetry.sender : Finish uploading in 0.180339 seconds.
10228 : 2024-01-16 16:49:30,363 : INFO : telemetry.note : Update the last send in note to 2024-01-16 16:49:29
10228 : 2024-01-16 16:49:30,363 : INFO : telemetry.note : Update the note mtime to 2024-01-16 16:49:30.363170
20836 : 2024-01-16 16:59:14,654 : INFO : telemetry.main : Attempt start. Configuration directory [~\.azure].
20836 : 2024-01-16 16:59:14,654 : DEBUG : telemetry.note : acquiring lock
20836 : 2024-01-16 16:59:14,654 : DEBUG : telemetry.note : acquired lock
20836 : 2024-01-16 16:59:14,654 : INFO : telemetry.note : Update the note mtime to 2024-01-16 16:59:14.654102
20836 : 2024-01-16 16:59:14,655 : INFO : telemetry.note : Read timestamp from the note. The last send was 2024-01-16 16:49:29.
20836 : 2024-01-16 16:59:14,655 : INFO : telemetry.records : 1 cache files to move.
20836 : 2024-01-16 16:59:14,655 : INFO : telemetry.records : Create temp folder C:\WINDOWS\Temp\tmp6c_ee8ha
20836 : 2024-01-16 16:59:14,656 : INFO : telemetry.records : Move file ~\.azure\telemetry\cache to C:\WINDOWS\Temp\tmp6c_ee8ha\cache
20836 : 2024-01-16 16:59:14,656 : INFO : telemetry.records : Processed file C:\WINDOWS\Temp\tmp6c_ee8ha\cache into 1 records.
20836 : 2024-01-16 16:59:14,657 : INFO : telemetry.records : Remove directory C:\WINDOWS\Temp\tmp6c_ee8ha
20836 : 2024-01-16 16:59:14,685 : INFO : telemetry.client : Accumulated 1 events. Flush the clients.
20836 : 2024-01-16 16:59:14,685 : INFO : telemetry.client : Flush client c4395b75-49cc-422c-bc95-c7d51aef5d46.
20836 : 2024-01-16 16:59:14,862 : INFO : telemetry.sender : Sending 3706 bytes
20836 : 2024-01-16 16:59:14,863 : INFO : telemetry.sender : Finish uploading in 0.178284 seconds.
20836 : 2024-01-16 16:59:14,864 : INFO : telemetry.note : Update the last send in note to 2024-01-16 16:59:14
20836 : 2024-01-16 16:59:14,866 : INFO : telemetry.note : Update the note mtime to 2024-01-16 16:59:14.865535
22180 : 2024-01-16 17:29:03,348 : INFO : telemetry.main : Attempt start. Configuration directory [~\.azure].
22180 : 2024-01-16 17:29:03,348 : DEBUG : telemetry.note : acquiring lock
22180 : 2024-01-16 17:29:03,349 : DEBUG : telemetry.note : acquired lock
22180 : 2024-01-16 17:29:03,349 : INFO : telemetry.note : Update the note mtime to 2024-01-16 17:29:03.349571
22180 : 2024-01-16 17:29:03,351 : INFO : telemetry.note : Read timestamp from the note. The last send was 2024-01-16 16:59:14.
22180 : 2024-01-16 17:29:03,351 : INFO : telemetry.records : 1 cache files to move.
22180 : 2024-01-16 17:29:03,351 : INFO : telemetry.records : Create temp folder C:\WINDOWS\Temp\tmp439khkjt
22180 : 2024-01-16 17:29:03,352 : INFO : telemetry.records : Move file ~\.azure\telemetry\cache to C:\WINDOWS\Temp\tmp439khkjt\cache
22180 : 2024-01-16 17:29:03,352 : INFO : telemetry.records : Processed file C:\WINDOWS\Temp\tmp439khkjt\cache into 1 records.
22180 : 2024-01-16 17:29:03,353 : INFO : telemetry.records : Remove directory C:\WINDOWS\Temp\tmp439khkjt
22180 : 2024-01-16 17:29:03,376 : INFO : telemetry.client : Accumulated 1 events. Flush the clients.
22180 : 2024-01-16 17:29:03,376 : INFO : telemetry.client : Flush client c4395b75-49cc-422c-bc95-c7d51aef5d46.
22180 : 2024-01-16 17:29:03,561 : INFO : telemetry.sender : Sending 3638 bytes
22180 : 2024-01-16 17:29:03,562 : INFO : telemetry.sender : Finish uploading in 0.185270 seconds.
22180 : 2024-01-16 17:29:03,563 : INFO : telemetry.note : Update the last send in note to 2024-01-16 17:29:03
22180 : 2024-01-16 17:29:03,564 : INFO : telemetry.note : Update the note mtime to 2024-01-16 17:29:03.564780
16904 : 2024-01-16 19:23:34,515 : INFO : telemetry.main : Attempt start. Configuration directory [~\.azure].
16904 : 2024-01-16 19:23:34,516 : DEBUG : telemetry.note : acquiring lock
16904 : 2024-01-16 19:23:34,516 : DEBUG : telemetry.note : acquired lock
16904 : 2024-01-16 19:23:34,516 : INFO : telemetry.note : Update the note mtime to 2024-01-16 19:23:34.516036
16904 : 2024-01-16 19:23:34,517 : INFO : telemetry.note : Read timestamp from the note. The last send was 2024-01-16 17:29:03.
16904 : 2024-01-16 19:23:34,518 : INFO : telemetry.records : 1 cache files to move.
16904 : 2024-01-16 19:23:34,518 : INFO : telemetry.records : Create temp folder C:\WINDOWS\Temp\tmplqlpck9s
16904 : 2024-01-16 19:23:34,518 : INFO : telemetry.records : Move file ~\.azure\telemetry\cache to C:\WINDOWS\Temp\tmplqlpck9s\cache
16904 : 2024-01-16 19:23:34,519 : INFO : telemetry.records : Processed file C:\WINDOWS\Temp\tmplqlpck9s\cache into 1 records.
16904 : 2024-01-16 19:23:34,519 : INFO : telemetry.records : Remove directory C:\WINDOWS\Temp\tmplqlpck9s
16904 : 2024-01-16 19:23:34,559 : INFO : telemetry.client : Accumulated 1 events. Flush the clients.
16904 : 2024-01-16 19:23:34,559 : INFO : telemetry.client : Flush client c4395b75-49cc-422c-bc95-c7d51aef5d46.
16904 : 2024-01-16 19:23:34,727 : INFO : telemetry.sender : Sending 3948 bytes
16904 : 2024-01-16 19:23:34,728 : INFO : telemetry.sender : Finish uploading in 0.169657 seconds.
16904 : 2024-01-16 19:23:34,729 : INFO : telemetry.note : Update the last send in note to 2024-01-16 19:23:34
16904 : 2024-01-16 19:23:34,730 : INFO : telemetry.note : Update the note mtime to 2024-01-16 19:23:34.730954
16836 : 2024-01-16 19:28:38,163 : INFO : telemetry.main : Attempt start. Configuration directory [~\.azure].
16836 : 2024-01-16 19:28:38,163 : DEBUG : telemetry.note : acquiring lock
16836 : 2024-01-16 19:28:38,163 : DEBUG : telemetry.note : acquired lock
16836 : 2024-01-16 19:28:38,163 : INFO : telemetry.note : Update the note mtime to 2024-01-16 19:28:38.163852
16836 : 2024-01-16 19:28:38,165 : INFO : telemetry.note : Read timestamp from the note. The last send was 2024-01-16 19:23:34.
16836 : 2024-01-16 19:28:38,166 : INFO : telemetry.records : 1 cache files to move.
16836 : 2024-01-16 19:28:38,166 : INFO : telemetry.records : Create temp folder C:\WINDOWS\Temp\tmp1zlds5h7
16836 : 2024-01-16 19:28:38,166 : INFO : telemetry.records : Move file ~\.azure\telemetry\cache to C:\WINDOWS\Temp\tmp1zlds5h7\cache
16836 : 2024-01-16 19:28:38,167 : INFO : telemetry.records : Processed file C:\WINDOWS\Temp\tmp1zlds5h7\cache into 1 records.
16836 : 2024-01-16 19:28:38,167 : INFO : telemetry.records : Remove directory C:\WINDOWS\Temp\tmp1zlds5h7
16836 : 2024-01-16 19:28:38,202 : INFO : telemetry.client : Accumulated 1 events. Flush the clients.
16836 : 2024-01-16 19:28:38,203 : INFO : telemetry.client : Flush client c4395b75-49cc-422c-bc95-c7d51aef5d46.
16836 : 2024-01-16 19:28:38,384 : INFO : telemetry.sender : Sending 3626 bytes
16836 : 2024-01-16 19:28:38,385 : INFO : telemetry.sender : Finish uploading in 0.181636 seconds.
16836 : 2024-01-16 19:28:38,385 : INFO : telemetry.note : Update the last send in note to 2024-01-16 19:28:38
16836 : 2024-01-16 19:28:38,386 : INFO : telemetry.note : Update the note mtime to 2024-01-16 19:28:38.386904
8244 : 2024-01-16 19:28:58,218 : INFO : telemetry.main : Attempt start. Configuration directory [~\.azure].
8244 : 2024-01-16 19:28:58,218 : DEBUG : telemetry.note : acquiring lock
8244 : 2024-01-16 19:28:58,219 : DEBUG : telemetry.note : acquired lock
8244 : 2024-01-16 19:28:58,219 : INFO : telemetry.note : Update the note mtime to 2024-01-16 19:28:58.219131
8244 : 2024-01-16 19:28:58,220 : INFO : telemetry.note : Read timestamp from the note. The last send was 2024-01-16 19:28:38.
8244 : 2024-01-16 19:28:58,221 : INFO : telemetry.records : 1 cache files to move.
8244 : 2024-01-16 19:28:58,221 : INFO : telemetry.records : Create temp folder C:\WINDOWS\Temp\tmpf4ijplpe
8244 : 2024-01-16 19:28:58,221 : INFO : telemetry.records : Move file ~\.azure\telemetry\cache to C:\WINDOWS\Temp\tmpf4ijplpe\cache
8244 : 2024-01-16 19:28:58,222 : INFO : telemetry.records : Processed file C:\WINDOWS\Temp\tmpf4ijplpe\cache into 1 records.
8244 : 2024-01-16 19:28:58,222 : INFO : telemetry.records : Remove directory C:\WINDOWS\Temp\tmpf4ijplpe
8244 : 2024-01-16 19:28:58,260 : INFO : telemetry.client : Accumulated 1 events. Flush the clients.
8244 : 2024-01-16 19:28:58,260 : INFO : telemetry.client : Flush client c4395b75-49cc-422c-bc95-c7d51aef5d46.
8244 : 2024-01-16 19:28:58,478 : INFO : telemetry.sender : Sending 3632 bytes
8244 : 2024-01-16 19:28:58,479 : INFO : telemetry.sender : Finish uploading in 0.218285 seconds.
8244 : 2024-01-16 19:28:58,479 : INFO : telemetry.note : Update the last send in note to 2024-01-16 19:28:58
8244 : 2024-01-16 19:28:58,479 : INFO : telemetry.note : Update the note mtime to 2024-01-16 19:28:58.479456
16104 : 2024-01-16 19:29:19,425 : INFO : telemetry.main : Attempt start. Configuration directory [~\.azure].
16104 : 2024-01-16 19:29:19,425 : DEBUG : telemetry.note : acquiring lock
16104 : 2024-01-16 19:29:19,425 : DEBUG : telemetry.note : acquired lock
16104 : 2024-01-16 19:29:19,425 : INFO : telemetry.note : Update the note mtime to 2024-01-16 19:29:19.425997
16104 : 2024-01-16 19:29:19,427 : INFO : telemetry.note : Read timestamp from the note. The last send was 2024-01-16 19:28:58.
16104 : 2024-01-16 19:29:19,427 : INFO : telemetry.records : 1 cache files to move.
16104 : 2024-01-16 19:29:19,427 : INFO : telemetry.records : Create temp folder C:\WINDOWS\Temp\tmp5ukpsjdn
16104 : 2024-01-16 19:29:19,427 : INFO : telemetry.records : Move file ~\.azure\telemetry\cache to C:\WINDOWS\Temp\tmp5ukpsjdn\cache
16104 : 2024-01-16 19:29:19,429 : INFO : telemetry.records : Processed file C:\WINDOWS\Temp\tmp5ukpsjdn\cache into 1 records.
16104 : 2024-01-16 19:29:19,429 : INFO : telemetry.records : Remove directory C:\WINDOWS\Temp\tmp5ukpsjdn
16104 : 2024-01-16 19:29:19,457 : INFO : telemetry.client : Accumulated 1 events. Flush the clients.
16104 : 2024-01-16 19:29:19,457 : INFO : telemetry.client : Flush client c4395b75-49cc-422c-bc95-c7d51aef5d46.
16104 : 2024-01-16 19:29:19,629 : INFO : telemetry.sender : Sending 3629 bytes
16104 : 2024-01-16 19:29:19,629 : INFO : telemetry.sender : Finish uploading in 0.171976 seconds.
16104 : 2024-01-16 19:29:19,630 : INFO : telemetry.note : Update the last send in note to 2024-01-16 19:29:19
16104 : 2024-01-16 19:29:19,630 : INFO : telemetry.note : Update the note mtime to 2024-01-16 19:29:19.630364
19520 : 2024-01-16 19:30:15,014 : INFO : telemetry.main : Attempt start. Configuration directory [~\.azure].
19520 : 2024-01-16 19:30:15,014 : DEBUG : telemetry.note : acquiring lock
19520 : 2024-01-16 19:30:15,014 : DEBUG : telemetry.note : acquired lock
19520 : 2024-01-16 19:30:15,015 : INFO : telemetry.note : Update the note mtime to 2024-01-16 19:30:15.015336
19520 : 2024-01-16 19:30:15,016 : INFO : telemetry.note : Read timestamp from the note. The last send was 2024-01-16 19:29:19.
19520 : 2024-01-16 19:30:15,017 : INFO : telemetry.records : 1 cache files to move.
19520 : 2024-01-16 19:30:15,017 : INFO : telemetry.records : Create temp folder C:\WINDOWS\Temp\tmpka2atv32
19520 : 2024-01-16 19:30:15,017 : INFO : telemetry.records : Move file ~\.azure\telemetry\cache to C:\WINDOWS\Temp\tmpka2atv32\cache
19520 : 2024-01-16 19:30:15,018 : INFO : telemetry.records : Processed file C:\WINDOWS\Temp\tmpka2atv32\cache into 1 records.
19520 : 2024-01-16 19:30:15,018 : INFO : telemetry.records : Remove directory C:\WINDOWS\Temp\tmpka2atv32
19520 : 2024-01-16 19:30:15,036 : INFO : telemetry.client : Accumulated 1 events. Flush the clients.
19520 : 2024-01-16 19:30:15,036 : INFO : telemetry.client : Flush client c4395b75-49cc-422c-bc95-c7d51aef5d46.
19520 : 2024-01-16 19:30:15,200 : INFO : telemetry.sender : Sending 3948 bytes
19520 : 2024-01-16 19:30:15,200 : INFO : telemetry.sender : Finish uploading in 0.164507 seconds.
19520 : 2024-01-16 19:30:15,201 : INFO : telemetry.note : Update the last send in note to 2024-01-16 19:30:14
19520 : 2024-01-16 19:30:15,201 : INFO : telemetry.note : Update the note mtime to 2024-01-16 19:30:15.201575
3956 : 2024-01-16 19:30:53,587 : INFO : telemetry.main : Attempt start. Configuration directory [~\.azure].
3956 : 2024-01-16 19:30:53,587 : DEBUG : telemetry.note : acquiring lock
3956 : 2024-01-16 19:30:53,587 : DEBUG : telemetry.note : acquired lock
3956 : 2024-01-16 19:30:53,587 : INFO : telemetry.note : Update the note mtime to 2024-01-16 19:30:53.587578
3956 : 2024-01-16 19:30:53,589 : INFO : telemetry.note : Read timestamp from the note. The last send was 2024-01-16 19:30:14.
3956 : 2024-01-16 19:30:53,589 : INFO : telemetry.records : 1 cache files to move.
3956 : 2024-01-16 19:30:53,589 : INFO : telemetry.records : Create temp folder C:\WINDOWS\Temp\tmpc6v72nup
3956 : 2024-01-16 19:30:53,590 : INFO : telemetry.records : Move file ~\.azure\telemetry\cache to C:\WINDOWS\Temp\tmpc6v72nup\cache
3956 : 2024-01-16 19:30:53,590 : INFO : telemetry.records : Processed file C:\WINDOWS\Temp\tmpc6v72nup\cache into 1 records.
3956 : 2024-01-16 19:30:53,591 : INFO : telemetry.records : Remove directory C:\WINDOWS\Temp\tmpc6v72nup
3956 : 2024-01-16 19:30:53,614 : INFO : telemetry.client : Accumulated 1 events. Flush the clients.
3956 : 2024-01-16 19:30:53,614 : INFO : telemetry.client : Flush client c4395b75-49cc-422c-bc95-c7d51aef5d46.
3956 : 2024-01-16 19:30:53,858 : INFO : telemetry.sender : Sending 3601 bytes
3956 : 2024-01-16 19:30:53,858 : INFO : telemetry.sender : Finish uploading in 0.242986 seconds.
3956 : 2024-01-16 19:30:53,860 : INFO : telemetry.note : Update the last send in note to 2024-01-16 19:30:53
3956 : 2024-01-16 19:30:53,861 : INFO : telemetry.note : Update the note mtime to 2024-01-16 19:30:53.861557
22728 : 2024-01-16 19:31:14,466 : INFO : telemetry.main : Attempt start. Configuration directory [~\.azure].
22728 : 2024-01-16 19:31:14,466 : DEBUG : telemetry.note : acquiring lock
22728 : 2024-01-16 19:31:14,467 : DEBUG : telemetry.note : acquired lock
22728 : 2024-01-16 19:31:14,467 : INFO : telemetry.note : Update the note mtime to 2024-01-16 19:31:14.467294
22728 : 2024-01-16 19:31:14,468 : INFO : telemetry.note : Read timestamp from the note. The last send was 2024-01-16 19:30:53.
22728 : 2024-01-16 19:31:14,469 : INFO : telemetry.records : 1 cache files to move.
22728 : 2024-01-16 19:31:14,469 : INFO : telemetry.records : Create temp folder C:\WINDOWS\Temp\tmpboasj74g
22728 : 2024-01-16 19:31:14,470 : INFO : telemetry.records : Move file ~\.azure\telemetry\cache to C:\WINDOWS\Temp\tmpboasj74g\cache
22728 : 2024-01-16 19:31:14,470 : INFO : telemetry.records : Processed file C:\WINDOWS\Temp\tmpboasj74g\cache into 1 records.
22728 : 2024-01-16 19:31:14,470 : INFO : telemetry.records : Remove directory C:\WINDOWS\Temp\tmpboasj74g
22728 : 2024-01-16 19:31:14,498 : INFO : telemetry.client : Accumulated 1 events. Flush the clients.
22728 : 2024-01-16 19:31:14,498 : INFO : telemetry.client : Flush client c4395b75-49cc-422c-bc95-c7d51aef5d46.
22728 : 2024-01-16 19:31:14,711 : INFO : telemetry.sender : Sending 3634 bytes
22728 : 2024-01-16 19:31:14,712 : INFO : telemetry.sender : Finish uploading in 0.213530 seconds.
22728 : 2024-01-16 19:31:14,712 : INFO : telemetry.note : Update the last send in note to 2024-01-16 19:31:14
22728 : 2024-01-16 19:31:14,712 : INFO : telemetry.note : Update the note mtime to 2024-01-16 19:31:14.712871
3260 : 2024-01-16 19:31:22,740 : INFO : telemetry.main : Attempt start. Configuration directory [~\.azure].
3260 : 2024-01-16 19:31:22,740 : DEBUG : telemetry.note : acquiring lock
3260 : 2024-01-16 19:31:22,741 : DEBUG : telemetry.note : acquired lock
3260 : 2024-01-16 19:31:22,741 : INFO : telemetry.note : Update the note mtime to 2024-01-16 19:31:22.741020
3260 : 2024-01-16 19:31:22,743 : INFO : telemetry.note : Read timestamp from the note. The last send was 2024-01-16 19:31:14.
3260 : 2024-01-16 19:31:22,743 : INFO : telemetry.records : 1 cache files to move.
3260 : 2024-01-16 19:31:22,743 : INFO : telemetry.records : Create temp folder C:\WINDOWS\Temp\tmp4y26vrbq
3260 : 2024-01-16 19:31:22,744 : INFO : telemetry.records : Move file ~\.azure\telemetry\cache to C:\WINDOWS\Temp\tmp4y26vrbq\cache
3260 : 2024-01-16 19:31:22,744 : INFO : telemetry.records : Processed file C:\WINDOWS\Temp\tmp4y26vrbq\cache into 1 records.
3260 : 2024-01-16 19:31:22,745 : INFO : telemetry.records : Remove directory C:\WINDOWS\Temp\tmp4y26vrbq
3260 : 2024-01-16 19:31:22,783 : INFO : telemetry.client : Accumulated 1 events. Flush the clients.
3260 : 2024-01-16 19:31:22,783 : INFO : telemetry.client : Flush client c4395b75-49cc-422c-bc95-c7d51aef5d46.
3260 : 2024-01-16 19:31:22,952 : INFO : telemetry.sender : Sending 3626 bytes
3260 : 2024-01-16 19:31:22,953 : INFO : telemetry.sender : Finish uploading in 0.170742 seconds.
3260 : 2024-01-16 19:31:22,954 : INFO : telemetry.note : Update the last send in note to 2024-01-16 19:31:22
3260 : 2024-01-16 19:31:22,955 : INFO : telemetry.note : Update the note mtime to 2024-01-16 19:31:22.954758
23524 : 2024-01-16 19:31:34,409 : INFO : telemetry.main : Attempt start. Configuration directory [~\.azure].
23524 : 2024-01-16 19:31:34,409 : DEBUG : telemetry.note : acquiring lock
23524 : 2024-01-16 19:31:34,410 : DEBUG : telemetry.note : acquired lock
23524 : 2024-01-16 19:31:34,410 : INFO : telemetry.note : Update the note mtime to 2024-01-16 19:31:34.410158
23524 : 2024-01-16 19:31:34,411 : INFO : telemetry.note : Read timestamp from the note. The last send was 2024-01-16 19:31:22.
23524 : 2024-01-16 19:31:34,412 : INFO : telemetry.records : 1 cache files to move.
23524 : 2024-01-16 19:31:34,412 : INFO : telemetry.records : Create temp folder C:\WINDOWS\Temp\tmpc81jggt3
23524 : 2024-01-16 19:31:34,413 : INFO : telemetry.records : Move file ~\.azure\telemetry\cache to C:\WINDOWS\Temp\tmpc81jggt3\cache
23524 : 2024-01-16 19:31:34,413 : INFO : telemetry.records : Processed file C:\WINDOWS\Temp\tmpc81jggt3\cache into 1 records.
23524 : 2024-01-16 19:31:34,413 : INFO : telemetry.records : Remove directory C:\WINDOWS\Temp\tmpc81jggt3
23524 : 2024-01-16 19:31:34,438 : INFO : telemetry.client : Accumulated 1 events. Flush the clients.
23524 : 2024-01-16 19:31:34,438 : INFO : telemetry.client : Flush client c4395b75-49cc-422c-bc95-c7d51aef5d46.
23524 : 2024-01-16 19:31:34,621 : INFO : telemetry.sender : Sending 3948 bytes
23524 : 2024-01-16 19:31:34,621 : INFO : telemetry.sender : Finish uploading in 0.183528 seconds.
23524 : 2024-01-16 19:31:34,622 : INFO : telemetry.note : Update the last send in note to 2024-01-16 19:31:34
23524 : 2024-01-16 19:31:34,622 : INFO : telemetry.note : Update the note mtime to 2024-01-16 19:31:34.622722
6924 : 2024-01-16 19:36:04,703 : INFO : telemetry.main : Attempt start. Configuration directory [~\.azure].
6924 : 2024-01-16 19:36:04,704 : DEBUG : telemetry.note : acquiring lock
6924 : 2024-01-16 19:36:04,704 : DEBUG : telemetry.note : acquired lock
6924 : 2024-01-16 19:36:04,704 : INFO : telemetry.note : Update the note mtime to 2024-01-16 19:36:04.704814
6924 : 2024-01-16 19:36:04,705 : INFO : telemetry.note : Read timestamp from the note. The last send was 2024-01-16 19:31:34.
6924 : 2024-01-16 19:36:04,706 : INFO : telemetry.records : 1 cache files to move.
6924 : 2024-01-16 19:36:04,706 : INFO : telemetry.records : Create temp folder C:\WINDOWS\Temp\tmpdssyh24o
6924 : 2024-01-16 19:36:04,707 : INFO : telemetry.records : Move file ~\.azure\telemetry\cache to C:\WINDOWS\Temp\tmpdssyh24o\cache
6924 : 2024-01-16 19:36:04,707 : INFO : telemetry.records : Processed file C:\WINDOWS\Temp\tmpdssyh24o\cache into 1 records.
6924 : 2024-01-16 19:36:04,707 : INFO : telemetry.records : Remove directory C:\WINDOWS\Temp\tmpdssyh24o
6924 : 2024-01-16 19:36:04,734 : INFO : telemetry.client : Accumulated 1 events. Flush the clients.
6924 : 2024-01-16 19:36:04,734 : INFO : telemetry.client : Flush client c4395b75-49cc-422c-bc95-c7d51aef5d46.
6924 : 2024-01-16 19:36:04,913 : INFO : telemetry.sender : Sending 3948 bytes
6924 : 2024-01-16 19:36:04,913 : INFO : telemetry.sender : Finish uploading in 0.178574 seconds.
6924 : 2024-01-16 19:36:04,915 : INFO : telemetry.note : Update the last send in note to 2024-01-16 19:36:04
6924 : 2024-01-16 19:36:04,916 : INFO : telemetry.note : Update the note mtime to 2024-01-16 19:36:04.916323
19184 : 2024-01-16 23:47:05,018 : INFO : telemetry.main : Attempt start. Configuration directory [~\.azure].
19184 : 2024-01-16 23:47:05,018 : DEBUG : telemetry.note : acquiring lock
19184 : 2024-01-16 23:47:05,018 : DEBUG : telemetry.note : acquired lock
19184 : 2024-01-16 23:47:05,018 : INFO : telemetry.note : Update the note mtime to 2024-01-16 23:47:05.018854
19184 : 2024-01-16 23:47:05,020 : INFO : telemetry.note : Read timestamp from the note. The last send was 2024-01-16 19:36:04.
19184 : 2024-01-16 23:47:05,020 : INFO : telemetry.records : 1 cache files to move.
19184 : 2024-01-16 23:47:05,020 : INFO : telemetry.records : Create temp folder C:\WINDOWS\Temp\tmp202ulgwa
19184 : 2024-01-16 23:47:05,021 : INFO : telemetry.records : Move file ~\.azure\telemetry\cache to C:\WINDOWS\Temp\tmp202ulgwa\cache
19184 : 2024-01-16 23:47:05,021 : INFO : telemetry.records : Processed file C:\WINDOWS\Temp\tmp202ulgwa\cache into 1 records.
19184 : 2024-01-16 23:47:05,022 : INFO : telemetry.records : Remove directory C:\WINDOWS\Temp\tmp202ulgwa
19184 : 2024-01-16 23:47:05,048 : INFO : telemetry.client : Accumulated 1 events. Flush the clients.
19184 : 2024-01-16 23:47:05,048 : INFO : telemetry.client : Flush client c4395b75-49cc-422c-bc95-c7d51aef5d46.
19184 : 2024-01-16 23:47:05,253 : INFO : telemetry.sender : Sending 3634 bytes
19184 : 2024-01-16 23:47:05,254 : INFO : telemetry.sender : Finish uploading in 0.205948 seconds.
19184 : 2024-01-16 23:47:05,254 : INFO : telemetry.note : Update the last send in note to 2024-01-16 23:47:04
19184 : 2024-01-16 23:47:05,255 : INFO : telemetry.note : Update the note mtime to 2024-01-16 23:47:05.255099
22496 : 2024-01-16 23:47:13,161 : INFO : telemetry.main : Attempt start. Configuration directory [~\.azure].
22496 : 2024-01-16 23:47:13,161 : DEBUG : telemetry.note : acquiring lock
22496 : 2024-01-16 23:47:13,161 : DEBUG : telemetry.note : acquired lock
22496 : 2024-01-16 23:47:13,162 : INFO : telemetry.note : Update the note mtime to 2024-01-16 23:47:13.162592
22496 : 2024-01-16 23:47:13,163 : INFO : telemetry.note : Read timestamp from the note. The last send was 2024-01-16 23:47:04.
22496 : 2024-01-16 23:47:13,164 : INFO : telemetry.records : 1 cache files to move.
22496 : 2024-01-16 23:47:13,164 : INFO : telemetry.records : Create temp folder C:\WINDOWS\Temp\tmpm32am5xy
22496 : 2024-01-16 23:47:13,164 : INFO : telemetry.records : Move file ~\.azure\telemetry\cache to C:\WINDOWS\Temp\tmpm32am5xy\cache
22496 : 2024-01-16 23:47:13,165 : INFO : telemetry.records : Processed file C:\WINDOWS\Temp\tmpm32am5xy\cache into 1 records.
22496 : 2024-01-16 23:47:13,165 : INFO : telemetry.records : Remove directory C:\WINDOWS\Temp\tmpm32am5xy
22496 : 2024-01-16 23:47:13,185 : INFO : telemetry.client : Accumulated 1 events. Flush the clients.
22496 : 2024-01-16 23:47:13,185 : INFO : telemetry.client : Flush client c4395b75-49cc-422c-bc95-c7d51aef5d46.
22496 : 2024-01-16 23:47:13,397 : INFO : telemetry.sender : Sending 3626 bytes
22496 : 2024-01-16 23:47:13,398 : INFO : telemetry.sender : Finish uploading in 0.211712 seconds.
22496 : 2024-01-16 23:47:13,400 : INFO : telemetry.note : Update the last send in note to 2024-01-16 23:47:12
22496 : 2024-01-16 23:47:13,400 : INFO : telemetry.note : Update the note mtime to 2024-01-16 23:47:13.400191
11280 : 2024-01-17 00:10:44,143 : INFO : telemetry.main : Attempt start. Configuration directory [~\.azure].
11280 : 2024-01-17 00:10:44,143 : DEBUG : telemetry.note : acquiring lock
11280 : 2024-01-17 00:10:44,144 : DEBUG : telemetry.note : acquired lock
11280 : 2024-01-17 00:10:44,144 : INFO : telemetry.note : Update the note mtime to 2024-01-17 00:10:44.144255
11280 : 2024-01-17 00:10:44,145 : INFO : telemetry.note : Read timestamp from the note. The last send was 2024-01-16 23:47:12.
11280 : 2024-01-17 00:10:44,146 : INFO : telemetry.records : 1 cache files to move.
11280 : 2024-01-17 00:10:44,146 : INFO : telemetry.records : Create temp folder C:\WINDOWS\Temp\tmpj7tza56f
11280 : 2024-01-17 00:10:44,146 : INFO : telemetry.records : Move file ~\.azure\telemetry\cache to C:\WINDOWS\Temp\tmpj7tza56f\cache
11280 : 2024-01-17 00:10:44,147 : INFO : telemetry.records : Processed file C:\WINDOWS\Temp\tmpj7tza56f\cache into 1 records.
11280 : 2024-01-17 00:10:44,147 : INFO : telemetry.records : Remove directory C:\WINDOWS\Temp\tmpj7tza56f
11280 : 2024-01-17 00:10:44,169 : INFO : telemetry.client : Accumulated 1 events. Flush the clients.
11280 : 2024-01-17 00:10:44,169 : INFO : telemetry.client : Flush client c4395b75-49cc-422c-bc95-c7d51aef5d46.
11280 : 2024-01-17 00:10:44,355 : INFO : telemetry.sender : Sending 3651 bytes
11280 : 2024-01-17 00:10:44,356 : INFO : telemetry.sender : Finish uploading in 0.186991 seconds.
11280 : 2024-01-17 00:10:44,357 : INFO : telemetry.note : Update the last send in note to 2024-01-17 00:10:43
11280 : 2024-01-17 00:10:44,358 : INFO : telemetry.note : Update the note mtime to 2024-01-17 00:10:44.358329
20792 : 2024-01-17 03:19:07,988 : INFO : telemetry.main : Attempt start. Configuration directory [~\.azure].
20792 : 2024-01-17 03:19:07,988 : DEBUG : telemetry.note : acquiring lock
20792 : 2024-01-17 03:19:07,988 : DEBUG : telemetry.note : acquired lock
20792 : 2024-01-17 03:19:07,989 : INFO : telemetry.note : Update the note mtime to 2024-01-17 03:19:07.988106
20792 : 2024-01-17 03:19:07,990 : INFO : telemetry.note : Read timestamp from the note. The last send was 2024-01-17 00:10:43.
20792 : 2024-01-17 03:19:07,990 : INFO : telemetry.records : 1 cache files to move.
20792 : 2024-01-17 03:19:07,991 : INFO : telemetry.records : Create temp folder C:\WINDOWS\Temp\tmp8b8w6lv2
20792 : 2024-01-17 03:19:07,991 : INFO : telemetry.records : Move file ~\.azure\telemetry\cache to C:\WINDOWS\Temp\tmp8b8w6lv2\cache
20792 : 2024-01-17 03:19:07,991 : INFO : telemetry.records : Processed file C:\WINDOWS\Temp\tmp8b8w6lv2\cache into 1 records.
20792 : 2024-01-17 03:19:07,992 : INFO : telemetry.records : Remove directory C:\WINDOWS\Temp\tmp8b8w6lv2
20792 : 2024-01-17 03:19:08,021 : INFO : telemetry.client : Accumulated 1 events. Flush the clients.
20792 : 2024-01-17 03:19:08,021 : INFO : telemetry.client : Flush client c4395b75-49cc-422c-bc95-c7d51aef5d46.
20792 : 2024-01-17 03:19:08,164 : INFO : telemetry.sender : Sending 3706 bytes
20792 : 2024-01-17 03:19:08,164 : INFO : telemetry.sender : Finish uploading in 0.142272 seconds.
20792 : 2024-01-17 03:19:08,164 : INFO : telemetry.note : Update the last send in note to 2024-01-17 03:19:07
20792 : 2024-01-17 03:19:08,166 : INFO : telemetry.note : Update the note mtime to 2024-01-17 03:19:08.164518
22984 : 2024-01-17 03:21:09,371 : INFO : telemetry.main : Attempt start. Configuration directory [~\.azure].
22984 : 2024-01-17 03:21:09,372 : DEBUG : telemetry.note : acquiring lock
22984 : 2024-01-17 03:21:09,372 : DEBUG : telemetry.note : acquired lock
22984 : 2024-01-17 03:21:09,372 : INFO : telemetry.note : Update the note mtime to 2024-01-17 03:21:09.372427
22984 : 2024-01-17 03:21:09,373 : INFO : telemetry.note : Read timestamp from the note. The last send was 2024-01-17 03:19:07.
22984 : 2024-01-17 03:21:09,374 : INFO : telemetry.records : 1 cache files to move.
22984 : 2024-01-17 03:21:09,374 : INFO : telemetry.records : Create temp folder C:\WINDOWS\Temp\tmphwqryi1v
22984 : 2024-01-17 03:21:09,375 : INFO : telemetry.records : Move file ~\.azure\telemetry\cache to C:\WINDOWS\Temp\tmphwqryi1v\cache
22984 : 2024-01-17 03:21:09,375 : INFO : telemetry.records : Processed file C:\WINDOWS\Temp\tmphwqryi1v\cache into 1 records.
22984 : 2024-01-17 03:21:09,376 : INFO : telemetry.records : Remove directory C:\WINDOWS\Temp\tmphwqryi1v
22984 : 2024-01-17 03:21:09,401 : INFO : telemetry.client : Accumulated 1 events. Flush the clients.
22984 : 2024-01-17 03:21:09,401 : INFO : telemetry.client : Flush client c4395b75-49cc-422c-bc95-c7d51aef5d46.
22984 : 2024-01-17 03:21:09,586 : INFO : telemetry.sender : Sending 3638 bytes
22984 : 2024-01-17 03:21:09,586 : INFO : telemetry.sender : Finish uploading in 0.185761 seconds.
22984 : 2024-01-17 03:21:09,586 : INFO : telemetry.note : Update the last send in note to 2024-01-17 03:21:09
22984 : 2024-01-17 03:21:09,586 : INFO : telemetry.note : Update the note mtime to 2024-01-17 03:21:09.586993
18584 : 2024-01-17 03:26:45,556 : INFO : telemetry.main : Attempt start. Configuration directory [~\.azure].
18584 : 2024-01-17 03:26:45,556 : DEBUG : telemetry.note : acquiring lock
18584 : 2024-01-17 03:26:45,557 : DEBUG : telemetry.note : acquired lock
18584 : 2024-01-17 03:26:45,557 : INFO : telemetry.note : Update the note mtime to 2024-01-17 03:26:45.557816
18584 : 2024-01-17 03:26:45,559 : INFO : telemetry.note : Read timestamp from the note. The last send was 2024-01-17 03:21:09.
18584 : 2024-01-17 03:26:45,559 : INFO : telemetry.records : 1 cache files to move.
18584 : 2024-01-17 03:26:45,559 : INFO : telemetry.records : Create temp folder C:\WINDOWS\Temp\tmpf42th6e4
18584 : 2024-01-17 03:26:45,560 : INFO : telemetry.records : Move file ~\.azure\telemetry\cache to C:\WINDOWS\Temp\tmpf42th6e4\cache
18584 : 2024-01-17 03:26:45,560 : INFO : telemetry.records : Processed file C:\WINDOWS\Temp\tmpf42th6e4\cache into 1 records.
18584 : 2024-01-17 03:26:45,561 : INFO : telemetry.records : Remove directory C:\WINDOWS\Temp\tmpf42th6e4
18584 : 2024-01-17 03:26:45,579 : INFO : telemetry.client : Accumulated 1 events. Flush the clients.
18584 : 2024-01-17 03:26:45,579 : INFO : telemetry.client : Flush client c4395b75-49cc-422c-bc95-c7d51aef5d46.
18584 : 2024-01-17 03:26:45,721 : INFO : telemetry.sender : Sending 3948 bytes
18584 : 2024-01-17 03:26:45,721 : INFO : telemetry.sender : Finish uploading in 0.141063 seconds.
18584 : 2024-01-17 03:26:45,722 : INFO : telemetry.note : Update the last send in note to 2024-01-17 03:26:45
18584 : 2024-01-17 03:26:45,722 : INFO : telemetry.note : Update the note mtime to 2024-01-17 03:26:45.722065
22212 : 2024-01-17 03:30:06,602 : INFO : telemetry.main : Attempt start. Configuration directory [~\.azure].
22212 : 2024-01-17 03:30:06,602 : DEBUG : telemetry.note : acquiring lock
22212 : 2024-01-17 03:30:06,602 : DEBUG : telemetry.note : acquired lock
22212 : 2024-01-17 03:30:06,603 : INFO : telemetry.note : Update the note mtime to 2024-01-17 03:30:06.603442
22212 : 2024-01-17 03:30:06,604 : INFO : telemetry.note : Read timestamp from the note. The last send was 2024-01-17 03:26:45.
22212 : 2024-01-17 03:30:06,604 : INFO : telemetry.records : 1 cache files to move.
22212 : 2024-01-17 03:30:06,605 : INFO : telemetry.records : Create temp folder C:\WINDOWS\Temp\tmpyf3x5qh8
22212 : 2024-01-17 03:30:06,605 : INFO : telemetry.records : Move file ~\.azure\telemetry\cache to C:\WINDOWS\Temp\tmpyf3x5qh8\cache
22212 : 2024-01-17 03:30:06,605 : INFO : telemetry.records : Processed file C:\WINDOWS\Temp\tmpyf3x5qh8\cache into 1 records.
22212 : 2024-01-17 03:30:06,606 : INFO : telemetry.records : Remove directory C:\WINDOWS\Temp\tmpyf3x5qh8
22212 : 2024-01-17 03:30:06,629 : INFO : telemetry.client : Accumulated 1 events. Flush the clients.
22212 : 2024-01-17 03:30:06,629 : INFO : telemetry.client : Flush client c4395b75-49cc-422c-bc95-c7d51aef5d46.
22212 : 2024-01-17 03:30:06,769 : INFO : telemetry.sender : Sending 3626 bytes
22212 : 2024-01-17 03:30:06,769 : INFO : telemetry.sender : Finish uploading in 0.140048 seconds.
22212 : 2024-01-17 03:30:06,769 : INFO : telemetry.note : Update the last send in note to 2024-01-17 03:30:06
22212 : 2024-01-17 03:30:06,770 : INFO : telemetry.note : Update the note mtime to 2024-01-17 03:30:06.770072
